[2016-06-30 05:09:33] main.DEBUG: cache_invalidate:  {"method":"GET","url":"http:/","invalidateInfo":{"tags":["FPC"],"mode":"matchingTag"},"is_exception":false} []
[2016-06-30 05:09:33] main.DEBUG: cache_invalidate:  {"method":"GET","url":"http:/","invalidateInfo":{"tags":["CONFIG"],"mode":"matchingTag"},"is_exception":false} []
[2016-06-30 05:09:33] main.DEBUG: cache_invalidate:  {"method":"GET","url":"http:/","invalidateInfo":{"tags":["LAYOUT_GENERAL_CACHE_TAG"],"mode":"matchingTag"},"is_exception":false} []
[2016-06-30 05:09:33] main.DEBUG: cache_invalidate:  {"method":"GET","url":"http:/","invalidateInfo":{"tags":["BLOCK_HTML"],"mode":"matchingTag"},"is_exception":false} []
[2016-06-30 05:09:33] main.DEBUG: cache_invalidate:  {"method":"GET","url":"http:/","invalidateInfo":{"tags":["COLLECTION_DATA"],"mode":"matchingTag"},"is_exception":false} []
[2016-06-30 05:09:33] main.DEBUG: cache_invalidate:  {"method":"GET","url":"http:/","invalidateInfo":{"tags":["REFLECTION"],"mode":"matchingTag"},"is_exception":false} []
[2016-06-30 05:09:33] main.DEBUG: cache_invalidate:  {"method":"GET","url":"http:/","invalidateInfo":{"tags":["DB_DDL"],"mode":"matchingTag"},"is_exception":false} []
[2016-06-30 05:09:33] main.DEBUG: cache_invalidate:  {"method":"GET","url":"http:/","invalidateInfo":{"tags":["EAV"],"mode":"matchingTag"},"is_exception":false} []
[2016-06-30 05:09:33] main.DEBUG: cache_invalidate:  {"method":"GET","url":"http:/","invalidateInfo":{"tags":["CUSTOMER_NOTIFICATION"],"mode":"matchingTag"},"is_exception":false} []
[2016-06-30 05:09:33] main.DEBUG: cache_invalidate:  {"method":"GET","url":"http:/","invalidateInfo":{"tags":["FPC"],"mode":"matchingTag"},"is_exception":false} []
[2016-06-30 05:09:33] main.DEBUG: cache_invalidate:  {"method":"GET","url":"http:/","invalidateInfo":{"tags":["INTEGRATION"],"mode":"matchingTag"},"is_exception":false} []
[2016-06-30 05:09:33] main.DEBUG: cache_invalidate:  {"method":"GET","url":"http:/","invalidateInfo":{"tags":["INTEGRATION_API_CONFIG"],"mode":"matchingTag"},"is_exception":false} []
[2016-06-30 05:09:33] main.DEBUG: cache_invalidate:  {"method":"GET","url":"http:/","invalidateInfo":{"tags":["TRANSLATE"],"mode":"matchingTag"},"is_exception":false} []
[2016-06-30 05:09:33] main.DEBUG: cache_invalidate:  {"method":"GET","url":"http:/","invalidateInfo":{"tags":["WEBSERVICE"],"mode":"matchingTag"},"is_exception":false} []
[2016-06-30 05:09:39] main.DEBUG: cache_invalidate:  {"method":"GET","url":"http://dev.weedshop.com/vaporizers","invalidateInfo":{"tags":["interception","CONFIG"],"mode":"matchingTag"},"is_exception":false} []
[2016-06-30 05:22:37] main.DEBUG: cache_invalidate:  {"method":"GET","url":"http:/","invalidateInfo":{"tags":["FPC"],"mode":"matchingTag"},"is_exception":false} []
[2016-06-30 05:22:37] main.DEBUG: cache_invalidate:  {"method":"GET","url":"http:/","invalidateInfo":{"tags":["CONFIG"],"mode":"matchingTag"},"is_exception":false} []
[2016-06-30 05:22:37] main.DEBUG: cache_invalidate:  {"method":"GET","url":"http:/","invalidateInfo":{"tags":["LAYOUT_GENERAL_CACHE_TAG"],"mode":"matchingTag"},"is_exception":false} []
[2016-06-30 05:22:37] main.DEBUG: cache_invalidate:  {"method":"GET","url":"http:/","invalidateInfo":{"tags":["BLOCK_HTML"],"mode":"matchingTag"},"is_exception":false} []
[2016-06-30 05:22:37] main.DEBUG: cache_invalidate:  {"method":"GET","url":"http:/","invalidateInfo":{"tags":["COLLECTION_DATA"],"mode":"matchingTag"},"is_exception":false} []
[2016-06-30 05:22:37] main.DEBUG: cache_invalidate:  {"method":"GET","url":"http:/","invalidateInfo":{"tags":["REFLECTION"],"mode":"matchingTag"},"is_exception":false} []
[2016-06-30 05:22:37] main.DEBUG: cache_invalidate:  {"method":"GET","url":"http:/","invalidateInfo":{"tags":["DB_DDL"],"mode":"matchingTag"},"is_exception":false} []
[2016-06-30 05:22:37] main.DEBUG: cache_invalidate:  {"method":"GET","url":"http:/","invalidateInfo":{"tags":["EAV"],"mode":"matchingTag"},"is_exception":false} []
[2016-06-30 05:22:37] main.DEBUG: cache_invalidate:  {"method":"GET","url":"http:/","invalidateInfo":{"tags":["CUSTOMER_NOTIFICATION"],"mode":"matchingTag"},"is_exception":false} []
[2016-06-30 05:22:37] main.DEBUG: cache_invalidate:  {"method":"GET","url":"http:/","invalidateInfo":{"tags":["FPC"],"mode":"matchingTag"},"is_exception":false} []
[2016-06-30 05:22:37] main.DEBUG: cache_invalidate:  {"method":"GET","url":"http:/","invalidateInfo":{"tags":["INTEGRATION"],"mode":"matchingTag"},"is_exception":false} []
[2016-06-30 05:22:37] main.DEBUG: cache_invalidate:  {"method":"GET","url":"http:/","invalidateInfo":{"tags":["INTEGRATION_API_CONFIG"],"mode":"matchingTag"},"is_exception":false} []
[2016-06-30 05:22:37] main.DEBUG: cache_invalidate:  {"method":"GET","url":"http:/","invalidateInfo":{"tags":["TRANSLATE"],"mode":"matchingTag"},"is_exception":false} []
[2016-06-30 05:22:37] main.DEBUG: cache_invalidate:  {"method":"GET","url":"http:/","invalidateInfo":{"tags":["WEBSERVICE"],"mode":"matchingTag"},"is_exception":false} []
[2016-06-30 05:22:39] main.DEBUG: cache_invalidate:  {"method":"GET","url":"http://dev.weedshop.com/vaporizers","invalidateInfo":{"tags":["interception","CONFIG"],"mode":"matchingTag"},"is_exception":false} []
[2016-06-30 06:15:43] main.DEBUG: cache_invalidate:  {"method":"GET","url":"http:/","invalidateInfo":{"tags":["FPC"],"mode":"matchingTag"},"is_exception":false} []
[2016-06-30 06:15:43] main.DEBUG: cache_invalidate:  {"method":"GET","url":"http:/","invalidateInfo":{"tags":["CONFIG"],"mode":"matchingTag"},"is_exception":false} []
[2016-06-30 06:15:43] main.DEBUG: cache_invalidate:  {"method":"GET","url":"http:/","invalidateInfo":{"tags":["LAYOUT_GENERAL_CACHE_TAG"],"mode":"matchingTag"},"is_exception":false} []
[2016-06-30 06:15:43] main.DEBUG: cache_invalidate:  {"method":"GET","url":"http:/","invalidateInfo":{"tags":["BLOCK_HTML"],"mode":"matchingTag"},"is_exception":false} []
[2016-06-30 06:15:43] main.DEBUG: cache_invalidate:  {"method":"GET","url":"http:/","invalidateInfo":{"tags":["COLLECTION_DATA"],"mode":"matchingTag"},"is_exception":false} []
[2016-06-30 06:15:43] main.DEBUG: cache_invalidate:  {"method":"GET","url":"http:/","invalidateInfo":{"tags":["REFLECTION"],"mode":"matchingTag"},"is_exception":false} []
[2016-06-30 06:15:43] main.DEBUG: cache_invalidate:  {"method":"GET","url":"http:/","invalidateInfo":{"tags":["DB_DDL"],"mode":"matchingTag"},"is_exception":false} []
[2016-06-30 06:15:43] main.DEBUG: cache_invalidate:  {"method":"GET","url":"http:/","invalidateInfo":{"tags":["EAV"],"mode":"matchingTag"},"is_exception":false} []
[2016-06-30 06:15:43] main.DEBUG: cache_invalidate:  {"method":"GET","url":"http:/","invalidateInfo":{"tags":["CUSTOMER_NOTIFICATION"],"mode":"matchingTag"},"is_exception":false} []
[2016-06-30 06:15:43] main.DEBUG: cache_invalidate:  {"method":"GET","url":"http:/","invalidateInfo":{"tags":["FPC"],"mode":"matchingTag"},"is_exception":false} []
[2016-06-30 06:15:43] main.DEBUG: cache_invalidate:  {"method":"GET","url":"http:/","invalidateInfo":{"tags":["INTEGRATION"],"mode":"matchingTag"},"is_exception":false} []
[2016-06-30 06:15:43] main.DEBUG: cache_invalidate:  {"method":"GET","url":"http:/","invalidateInfo":{"tags":["INTEGRATION_API_CONFIG"],"mode":"matchingTag"},"is_exception":false} []
[2016-06-30 06:15:43] main.DEBUG: cache_invalidate:  {"method":"GET","url":"http:/","invalidateInfo":{"tags":["TRANSLATE"],"mode":"matchingTag"},"is_exception":false} []
[2016-06-30 06:15:43] main.DEBUG: cache_invalidate:  {"method":"GET","url":"http:/","invalidateInfo":{"tags":["WEBSERVICE"],"mode":"matchingTag"},"is_exception":false} []
[2016-06-30 06:15:50] main.DEBUG: cache_invalidate:  {"method":"GET","url":"http://dev.weedshop.com/vaporizers","invalidateInfo":{"tags":["interception","CONFIG"],"mode":"matchingTag"},"is_exception":false} []
[2016-06-30 06:16:41] main.DEBUG: cache_invalidate:  {"method":"GET","url":"http:/","invalidateInfo":{"tags":["FPC"],"mode":"matchingTag"},"is_exception":false} []
[2016-06-30 06:16:41] main.DEBUG: cache_invalidate:  {"method":"GET","url":"http:/","invalidateInfo":{"tags":["CONFIG"],"mode":"matchingTag"},"is_exception":false} []
[2016-06-30 06:16:41] main.DEBUG: cache_invalidate:  {"method":"GET","url":"http:/","invalidateInfo":{"tags":["LAYOUT_GENERAL_CACHE_TAG"],"mode":"matchingTag"},"is_exception":false} []
[2016-06-30 06:16:41] main.DEBUG: cache_invalidate:  {"method":"GET","url":"http:/","invalidateInfo":{"tags":["BLOCK_HTML"],"mode":"matchingTag"},"is_exception":false} []
[2016-06-30 06:16:41] main.DEBUG: cache_invalidate:  {"method":"GET","url":"http:/","invalidateInfo":{"tags":["COLLECTION_DATA"],"mode":"matchingTag"},"is_exception":false} []
[2016-06-30 06:16:41] main.DEBUG: cache_invalidate:  {"method":"GET","url":"http:/","invalidateInfo":{"tags":["REFLECTION"],"mode":"matchingTag"},"is_exception":false} []
[2016-06-30 06:16:41] main.DEBUG: cache_invalidate:  {"method":"GET","url":"http:/","invalidateInfo":{"tags":["DB_DDL"],"mode":"matchingTag"},"is_exception":false} []
[2016-06-30 06:16:41] main.DEBUG: cache_invalidate:  {"method":"GET","url":"http:/","invalidateInfo":{"tags":["EAV"],"mode":"matchingTag"},"is_exception":false} []
[2016-06-30 06:16:41] main.DEBUG: cache_invalidate:  {"method":"GET","url":"http:/","invalidateInfo":{"tags":["CUSTOMER_NOTIFICATION"],"mode":"matchingTag"},"is_exception":false} []
[2016-06-30 06:16:41] main.DEBUG: cache_invalidate:  {"method":"GET","url":"http:/","invalidateInfo":{"tags":["FPC"],"mode":"matchingTag"},"is_exception":false} []
[2016-06-30 06:16:41] main.DEBUG: cache_invalidate:  {"method":"GET","url":"http:/","invalidateInfo":{"tags":["INTEGRATION"],"mode":"matchingTag"},"is_exception":false} []
[2016-06-30 06:16:41] main.DEBUG: cache_invalidate:  {"method":"GET","url":"http:/","invalidateInfo":{"tags":["INTEGRATION_API_CONFIG"],"mode":"matchingTag"},"is_exception":false} []
[2016-06-30 06:16:41] main.DEBUG: cache_invalidate:  {"method":"GET","url":"http:/","invalidateInfo":{"tags":["TRANSLATE"],"mode":"matchingTag"},"is_exception":false} []
[2016-06-30 06:16:41] main.DEBUG: cache_invalidate:  {"method":"GET","url":"http:/","invalidateInfo":{"tags":["WEBSERVICE"],"mode":"matchingTag"},"is_exception":false} []
[2016-06-30 06:16:44] main.DEBUG: cache_invalidate:  {"method":"GET","url":"http://dev.weedshop.com/vaporizers","invalidateInfo":{"tags":["interception","CONFIG"],"mode":"matchingTag"},"is_exception":false} []
[2016-06-30 06:36:38] main.DEBUG: cache_invalidate:  {"method":"GET","url":"http:/","invalidateInfo":{"tags":["FPC"],"mode":"matchingTag"},"is_exception":false} []
[2016-06-30 06:36:38] main.DEBUG: cache_invalidate:  {"method":"GET","url":"http:/","invalidateInfo":{"tags":["CONFIG"],"mode":"matchingTag"},"is_exception":false} []
[2016-06-30 06:36:38] main.DEBUG: cache_invalidate:  {"method":"GET","url":"http:/","invalidateInfo":{"tags":["LAYOUT_GENERAL_CACHE_TAG"],"mode":"matchingTag"},"is_exception":false} []
[2016-06-30 06:36:38] main.DEBUG: cache_invalidate:  {"method":"GET","url":"http:/","invalidateInfo":{"tags":["BLOCK_HTML"],"mode":"matchingTag"},"is_exception":false} []
[2016-06-30 06:36:38] main.DEBUG: cache_invalidate:  {"method":"GET","url":"http:/","invalidateInfo":{"tags":["COLLECTION_DATA"],"mode":"matchingTag"},"is_exception":false} []
[2016-06-30 06:36:38] main.DEBUG: cache_invalidate:  {"method":"GET","url":"http:/","invalidateInfo":{"tags":["REFLECTION"],"mode":"matchingTag"},"is_exception":false} []
[2016-06-30 06:36:38] main.DEBUG: cache_invalidate:  {"method":"GET","url":"http:/","invalidateInfo":{"tags":["DB_DDL"],"mode":"matchingTag"},"is_exception":false} []
[2016-06-30 06:36:38] main.DEBUG: cache_invalidate:  {"method":"GET","url":"http:/","invalidateInfo":{"tags":["EAV"],"mode":"matchingTag"},"is_exception":false} []
[2016-06-30 06:36:38] main.DEBUG: cache_invalidate:  {"method":"GET","url":"http:/","invalidateInfo":{"tags":["CUSTOMER_NOTIFICATION"],"mode":"matchingTag"},"is_exception":false} []
[2016-06-30 06:36:38] main.DEBUG: cache_invalidate:  {"method":"GET","url":"http:/","invalidateInfo":{"tags":["FPC"],"mode":"matchingTag"},"is_exception":false} []
[2016-06-30 06:36:38] main.DEBUG: cache_invalidate:  {"method":"GET","url":"http:/","invalidateInfo":{"tags":["INTEGRATION"],"mode":"matchingTag"},"is_exception":false} []
[2016-06-30 06:36:38] main.DEBUG: cache_invalidate:  {"method":"GET","url":"http:/","invalidateInfo":{"tags":["INTEGRATION_API_CONFIG"],"mode":"matchingTag"},"is_exception":false} []
[2016-06-30 06:36:38] main.DEBUG: cache_invalidate:  {"method":"GET","url":"http:/","invalidateInfo":{"tags":["TRANSLATE"],"mode":"matchingTag"},"is_exception":false} []
[2016-06-30 06:36:38] main.DEBUG: cache_invalidate:  {"method":"GET","url":"http:/","invalidateInfo":{"tags":["WEBSERVICE"],"mode":"matchingTag"},"is_exception":false} []
[2016-06-30 06:36:45] main.DEBUG: cache_invalidate:  {"method":"GET","url":"http://dev.weedshop.com/vaporizers","invalidateInfo":{"tags":["interception","CONFIG"],"mode":"matchingTag"},"is_exception":false} []
[2016-06-30 06:38:33] main.DEBUG: cache_invalidate:  {"method":"GET","url":"http:/","invalidateInfo":{"tags":["FPC"],"mode":"matchingTag"},"is_exception":false} []
[2016-06-30 06:38:33] main.DEBUG: cache_invalidate:  {"method":"GET","url":"http:/","invalidateInfo":{"tags":["CONFIG"],"mode":"matchingTag"},"is_exception":false} []
[2016-06-30 06:38:33] main.DEBUG: cache_invalidate:  {"method":"GET","url":"http:/","invalidateInfo":{"tags":["LAYOUT_GENERAL_CACHE_TAG"],"mode":"matchingTag"},"is_exception":false} []
[2016-06-30 06:38:33] main.DEBUG: cache_invalidate:  {"method":"GET","url":"http:/","invalidateInfo":{"tags":["BLOCK_HTML"],"mode":"matchingTag"},"is_exception":false} []
[2016-06-30 06:38:33] main.DEBUG: cache_invalidate:  {"method":"GET","url":"http:/","invalidateInfo":{"tags":["COLLECTION_DATA"],"mode":"matchingTag"},"is_exception":false} []
[2016-06-30 06:38:33] main.DEBUG: cache_invalidate:  {"method":"GET","url":"http:/","invalidateInfo":{"tags":["REFLECTION"],"mode":"matchingTag"},"is_exception":false} []
[2016-06-30 06:38:33] main.DEBUG: cache_invalidate:  {"method":"GET","url":"http:/","invalidateInfo":{"tags":["DB_DDL"],"mode":"matchingTag"},"is_exception":false} []
[2016-06-30 06:38:33] main.DEBUG: cache_invalidate:  {"method":"GET","url":"http:/","invalidateInfo":{"tags":["EAV"],"mode":"matchingTag"},"is_exception":false} []
[2016-06-30 06:38:33] main.DEBUG: cache_invalidate:  {"method":"GET","url":"http:/","invalidateInfo":{"tags":["CUSTOMER_NOTIFICATION"],"mode":"matchingTag"},"is_exception":false} []
[2016-06-30 06:38:33] main.DEBUG: cache_invalidate:  {"method":"GET","url":"http:/","invalidateInfo":{"tags":["FPC"],"mode":"matchingTag"},"is_exception":false} []
[2016-06-30 06:38:33] main.DEBUG: cache_invalidate:  {"method":"GET","url":"http:/","invalidateInfo":{"tags":["INTEGRATION"],"mode":"matchingTag"},"is_exception":false} []
[2016-06-30 06:38:33] main.DEBUG: cache_invalidate:  {"method":"GET","url":"http:/","invalidateInfo":{"tags":["INTEGRATION_API_CONFIG"],"mode":"matchingTag"},"is_exception":false} []
[2016-06-30 06:38:33] main.DEBUG: cache_invalidate:  {"method":"GET","url":"http:/","invalidateInfo":{"tags":["TRANSLATE"],"mode":"matchingTag"},"is_exception":false} []
[2016-06-30 06:38:33] main.DEBUG: cache_invalidate:  {"method":"GET","url":"http:/","invalidateInfo":{"tags":["WEBSERVICE"],"mode":"matchingTag"},"is_exception":false} []
[2016-06-30 06:38:37] main.DEBUG: cache_invalidate:  {"method":"GET","url":"http://dev.weedshop.com/vaporizers","invalidateInfo":{"tags":["interception","CONFIG"],"mode":"matchingTag"},"is_exception":false} []
[2016-06-30 06:40:39] main.DEBUG: cache_invalidate:  {"method":"GET","url":"http:/","invalidateInfo":{"tags":[],"mode":"all"},"is_exception":false} []
[2016-06-30 06:40:39] main.DEBUG: cache_invalidate:  {"method":"GET","url":"http:/","invalidateInfo":{"tags":[],"mode":"all"},"is_exception":false} []
[2016-06-30 06:41:01] main.DEBUG: cache_invalidate:  {"method":"GET","url":"http:/","invalidateInfo":{"tags":["interception","CONFIG"],"mode":"matchingTag"},"is_exception":false} []
[2016-06-30 06:41:01] main.DEBUG: cache_invalidate:  {"method":"GET","url":"http:/","invalidateInfo":{"tags":["interception","CONFIG"],"mode":"matchingTag"},"is_exception":false} []
[2016-06-30 06:41:01] main.DEBUG: cache_invalidate:  {"method":"GET","url":"http:/","invalidateInfo":{"tags":["interception","CONFIG"],"mode":"matchingTag"},"is_exception":false} []
[2016-06-30 06:41:01] main.DEBUG: cache_invalidate:  {"method":"GET","url":"http:/","invalidateInfo":{"tags":["interception","CONFIG"],"mode":"matchingTag"},"is_exception":false} []
[2016-06-30 06:41:01] main.DEBUG: cache_invalidate:  {"method":"GET","url":"http:/","invalidateInfo":{"tags":["interception","CONFIG"],"mode":"matchingTag"},"is_exception":false} []
[2016-06-30 06:41:02] main.DEBUG: cache_invalidate:  {"method":"GET","url":"http:/","invalidateInfo":{"tags":["interception","CONFIG"],"mode":"matchingTag"},"is_exception":false} []
[2016-06-30 06:41:02] main.DEBUG: cache_invalidate:  {"method":"GET","url":"http:/","invalidateInfo":{"tags":["interception","CONFIG"],"mode":"matchingTag"},"is_exception":false} []
[2016-06-30 06:42:01] main.DEBUG: cache_invalidate:  {"method":"GET","url":"http:/","invalidateInfo":{"tags":["interception","CONFIG"],"mode":"matchingTag"},"is_exception":false} []
[2016-06-30 06:42:01] main.DEBUG: cache_invalidate:  {"method":"GET","url":"http:/","invalidateInfo":{"tags":["interception","CONFIG"],"mode":"matchingTag"},"is_exception":false} []
[2016-06-30 06:42:01] main.DEBUG: cache_invalidate:  {"method":"GET","url":"http:/","invalidateInfo":{"tags":["interception","CONFIG"],"mode":"matchingTag"},"is_exception":false} []
[2016-06-30 06:42:02] main.DEBUG: cache_invalidate:  {"method":"GET","url":"http:/","invalidateInfo":{"tags":["interception","CONFIG"],"mode":"matchingTag"},"is_exception":false} []
[2016-06-30 06:42:02] main.DEBUG: cache_invalidate:  {"method":"GET","url":"http:/","invalidateInfo":{"tags":["interception","CONFIG"],"mode":"matchingTag"},"is_exception":false} []
[2016-06-30 06:43:01] main.DEBUG: cache_invalidate:  {"method":"GET","url":"http:/","invalidateInfo":{"tags":["interception","CONFIG"],"mode":"matchingTag"},"is_exception":false} []
[2016-06-30 06:43:01] main.DEBUG: cache_invalidate:  {"method":"GET","url":"http:/","invalidateInfo":{"tags":["interception","CONFIG"],"mode":"matchingTag"},"is_exception":false} []
[2016-06-30 06:43:01] main.DEBUG: cache_invalidate:  {"method":"GET","url":"http:/","invalidateInfo":{"tags":["interception","CONFIG"],"mode":"matchingTag"},"is_exception":false} []
[2016-06-30 06:43:02] main.DEBUG: cache_invalidate:  {"method":"GET","url":"http:/","invalidateInfo":{"tags":["interception","CONFIG"],"mode":"matchingTag"},"is_exception":false} []
[2016-06-30 06:43:02] main.DEBUG: cache_invalidate:  {"method":"GET","url":"http:/","invalidateInfo":{"tags":["interception","CONFIG"],"mode":"matchingTag"},"is_exception":false} []
[2016-06-30 06:44:02] main.DEBUG: cache_invalidate:  {"method":"GET","url":"http:/","invalidateInfo":{"tags":["interception","CONFIG"],"mode":"matchingTag"},"is_exception":false} []
[2016-06-30 06:44:02] main.DEBUG: cache_invalidate:  {"method":"GET","url":"http:/","invalidateInfo":{"tags":["interception","CONFIG"],"mode":"matchingTag"},"is_exception":false} []
[2016-06-30 06:44:02] main.DEBUG: cache_invalidate:  {"method":"GET","url":"http:/","invalidateInfo":{"tags":["interception","CONFIG"],"mode":"matchingTag"},"is_exception":false} []
[2016-06-30 06:44:03] main.DEBUG: cache_invalidate:  {"method":"GET","url":"http:/","invalidateInfo":{"tags":["interception","CONFIG"],"mode":"matchingTag"},"is_exception":false} []
[2016-06-30 06:44:03] main.DEBUG: cache_invalidate:  {"method":"GET","url":"http:/","invalidateInfo":{"tags":["interception","CONFIG"],"mode":"matchingTag"},"is_exception":false} []
[2016-06-30 06:44:46] main.DEBUG: cache_invalidate:  {"method":"GET","url":"http://dev.weedshop.com/vaporizers","invalidateInfo":{"tags":["interception","CONFIG"],"mode":"matchingTag"},"is_exception":false} []
[2016-06-30 06:44:47] main.DEBUG: cache_invalidate:  {"method":"GET","url":"http://dev.weedshop.com/favicon.ico","invalidateInfo":{"tags":["interception","CONFIG"],"mode":"matchingTag"},"is_exception":false} []
[2016-06-30 06:45:02] main.DEBUG: cache_invalidate:  {"method":"GET","url":"http:/","invalidateInfo":{"tags":["interception","CONFIG"],"mode":"matchingTag"},"is_exception":false} []
[2016-06-30 06:45:02] main.DEBUG: cache_invalidate:  {"method":"GET","url":"http:/","invalidateInfo":{"tags":["interception","CONFIG"],"mode":"matchingTag"},"is_exception":false} []
[2016-06-30 06:45:02] main.DEBUG: cache_invalidate:  {"method":"GET","url":"http:/","invalidateInfo":{"tags":["interception","CONFIG"],"mode":"matchingTag"},"is_exception":false} []
[2016-06-30 06:45:03] main.DEBUG: cache_invalidate:  {"method":"GET","url":"http:/","invalidateInfo":{"tags":["interception","CONFIG"],"mode":"matchingTag"},"is_exception":false} []
[2016-06-30 06:45:03] main.DEBUG: cache_invalidate:  {"method":"GET","url":"http:/","invalidateInfo":{"tags":["interception","CONFIG"],"mode":"matchingTag"},"is_exception":false} []
[2016-06-30 06:45:41] main.DEBUG: cache_invalidate:  {"method":"GET","url":"http://dev.weedshop.com/vaporizers","invalidateInfo":{"tags":["interception","CONFIG"],"mode":"matchingTag"},"is_exception":false} []
[2016-06-30 06:46:02] main.DEBUG: cache_invalidate:  {"method":"GET","url":"http:/","invalidateInfo":{"tags":["interception","CONFIG"],"mode":"matchingTag"},"is_exception":false} []
[2016-06-30 06:46:02] main.DEBUG: cache_invalidate:  {"method":"GET","url":"http:/","invalidateInfo":{"tags":["interception","CONFIG"],"mode":"matchingTag"},"is_exception":false} []
[2016-06-30 06:46:02] main.DEBUG: cache_invalidate:  {"method":"GET","url":"http:/","invalidateInfo":{"tags":["interception","CONFIG"],"mode":"matchingTag"},"is_exception":false} []
[2016-06-30 06:46:02] main.DEBUG: cache_invalidate:  {"method":"GET","url":"http:/","invalidateInfo":{"tags":["interception","CONFIG"],"mode":"matchingTag"},"is_exception":false} []
[2016-06-30 06:46:03] main.DEBUG: cache_invalidate:  {"method":"GET","url":"http:/","invalidateInfo":{"tags":["interception","CONFIG"],"mode":"matchingTag"},"is_exception":false} []
[2016-06-30 06:47:01] main.DEBUG: cache_invalidate:  {"method":"GET","url":"http:/","invalidateInfo":{"tags":["interception","CONFIG"],"mode":"matchingTag"},"is_exception":false} []
[2016-06-30 06:47:01] main.DEBUG: cache_invalidate:  {"method":"GET","url":"http:/","invalidateInfo":{"tags":["interception","CONFIG"],"mode":"matchingTag"},"is_exception":false} []
[2016-06-30 06:47:02] main.DEBUG: cache_invalidate:  {"method":"GET","url":"http:/","invalidateInfo":{"tags":["interception","CONFIG"],"mode":"matchingTag"},"is_exception":false} []
[2016-06-30 06:47:02] main.DEBUG: cache_invalidate:  {"method":"GET","url":"http:/","invalidateInfo":{"tags":["interception","CONFIG"],"mode":"matchingTag"},"is_exception":false} []
[2016-06-30 06:47:03] main.DEBUG: cache_invalidate:  {"method":"GET","url":"http:/","invalidateInfo":{"tags":["interception","CONFIG"],"mode":"matchingTag"},"is_exception":false} []
[2016-06-30 06:47:32] main.DEBUG: cache_invalidate:  {"method":"GET","url":"http://dev.weedshop.com/vaporizers","invalidateInfo":{"tags":["interception","CONFIG"],"mode":"matchingTag"},"is_exception":false} []
[2016-06-30 06:47:36] main.DEBUG: cache_invalidate:  {"method":"GET","url":"http://dev.weedshop.com/vaporizers","invalidateInfo":{"tags":["interception","CONFIG"],"mode":"matchingTag"},"is_exception":false} []
[2016-06-30 06:48:01] main.DEBUG: cache_invalidate:  {"method":"GET","url":"http:/","invalidateInfo":{"tags":["interception","CONFIG"],"mode":"matchingTag"},"is_exception":false} []
[2016-06-30 06:48:01] main.DEBUG: cache_invalidate:  {"method":"GET","url":"http:/","invalidateInfo":{"tags":["interception","CONFIG"],"mode":"matchingTag"},"is_exception":false} []
[2016-06-30 06:48:02] main.DEBUG: cache_invalidate:  {"method":"GET","url":"http:/","invalidateInfo":{"tags":["interception","CONFIG"],"mode":"matchingTag"},"is_exception":false} []
[2016-06-30 06:48:03] main.DEBUG: cache_invalidate:  {"method":"GET","url":"http:/","invalidateInfo":{"tags":["interception","CONFIG"],"mode":"matchingTag"},"is_exception":false} []
[2016-06-30 06:48:03] main.DEBUG: cache_invalidate:  {"method":"GET","url":"http:/","invalidateInfo":{"tags":["interception","CONFIG"],"mode":"matchingTag"},"is_exception":false} []
[2016-06-30 06:49:02] main.DEBUG: cache_invalidate:  {"method":"GET","url":"http:/","invalidateInfo":{"tags":["interception","CONFIG"],"mode":"matchingTag"},"is_exception":false} []
[2016-06-30 06:49:02] main.DEBUG: cache_invalidate:  {"method":"GET","url":"http:/","invalidateInfo":{"tags":["interception","CONFIG"],"mode":"matchingTag"},"is_exception":false} []
[2016-06-30 06:49:02] main.DEBUG: cache_invalidate:  {"method":"GET","url":"http:/","invalidateInfo":{"tags":["interception","CONFIG"],"mode":"matchingTag"},"is_exception":false} []
[2016-06-30 06:49:03] main.DEBUG: cache_invalidate:  {"method":"GET","url":"http:/","invalidateInfo":{"tags":["interception","CONFIG"],"mode":"matchingTag"},"is_exception":false} []
[2016-06-30 06:49:03] main.DEBUG: cache_invalidate:  {"method":"GET","url":"http:/","invalidateInfo":{"tags":["interception","CONFIG"],"mode":"matchingTag"},"is_exception":false} []
[2016-06-30 06:50:02] main.DEBUG: cache_invalidate:  {"method":"GET","url":"http:/","invalidateInfo":{"tags":["interception","CONFIG"],"mode":"matchingTag"},"is_exception":false} []
[2016-06-30 06:50:02] main.DEBUG: cache_invalidate:  {"method":"GET","url":"http:/","invalidateInfo":{"tags":["interception","CONFIG"],"mode":"matchingTag"},"is_exception":false} []
[2016-06-30 06:50:02] main.DEBUG: cache_invalidate:  {"method":"GET","url":"http:/","invalidateInfo":{"tags":["interception","CONFIG"],"mode":"matchingTag"},"is_exception":false} []
[2016-06-30 06:50:03] main.DEBUG: cache_invalidate:  {"method":"GET","url":"http:/","invalidateInfo":{"tags":["interception","CONFIG"],"mode":"matchingTag"},"is_exception":false} []
[2016-06-30 06:50:03] main.DEBUG: cache_invalidate:  {"method":"GET","url":"http:/","invalidateInfo":{"tags":["interception","CONFIG"],"mode":"matchingTag"},"is_exception":false} []
[2016-06-30 06:51:02] main.DEBUG: cache_invalidate:  {"method":"GET","url":"http:/","invalidateInfo":{"tags":["interception","CONFIG"],"mode":"matchingTag"},"is_exception":false} []
[2016-06-30 06:51:02] main.DEBUG: cache_invalidate:  {"method":"GET","url":"http:/","invalidateInfo":{"tags":["interception","CONFIG"],"mode":"matchingTag"},"is_exception":false} []
[2016-06-30 06:51:02] main.DEBUG: cache_invalidate:  {"method":"GET","url":"http:/","invalidateInfo":{"tags":["interception","CONFIG"],"mode":"matchingTag"},"is_exception":false} []
[2016-06-30 06:51:03] main.DEBUG: cache_invalidate:  {"method":"GET","url":"http:/","invalidateInfo":{"tags":["interception","CONFIG"],"mode":"matchingTag"},"is_exception":false} []
[2016-06-30 06:51:03] main.DEBUG: cache_invalidate:  {"method":"GET","url":"http:/","invalidateInfo":{"tags":["interception","CONFIG"],"mode":"matchingTag"},"is_exception":false} []
[2016-06-30 06:52:01] main.DEBUG: cache_invalidate:  {"method":"GET","url":"http:/","invalidateInfo":{"tags":["interception","CONFIG"],"mode":"matchingTag"},"is_exception":false} []
[2016-06-30 06:52:01] main.DEBUG: cache_invalidate:  {"method":"GET","url":"http:/","invalidateInfo":{"tags":["interception","CONFIG"],"mode":"matchingTag"},"is_exception":false} []
[2016-06-30 06:52:02] main.DEBUG: cache_invalidate:  {"method":"GET","url":"http:/","invalidateInfo":{"tags":["interception","CONFIG"],"mode":"matchingTag"},"is_exception":false} []
[2016-06-30 06:52:02] main.DEBUG: cache_invalidate:  {"method":"GET","url":"http:/","invalidateInfo":{"tags":["interception","CONFIG"],"mode":"matchingTag"},"is_exception":false} []
[2016-06-30 06:52:03] main.DEBUG: cache_invalidate:  {"method":"GET","url":"http:/","invalidateInfo":{"tags":["interception","CONFIG"],"mode":"matchingTag"},"is_exception":false} []
[2016-06-30 06:53:01] main.DEBUG: cache_invalidate:  {"method":"GET","url":"http:/","invalidateInfo":{"tags":["interception","CONFIG"],"mode":"matchingTag"},"is_exception":false} []
[2016-06-30 06:53:01] main.DEBUG: cache_invalidate:  {"method":"GET","url":"http:/","invalidateInfo":{"tags":["interception","CONFIG"],"mode":"matchingTag"},"is_exception":false} []
[2016-06-30 06:53:02] main.DEBUG: cache_invalidate:  {"method":"GET","url":"http:/","invalidateInfo":{"tags":["interception","CONFIG"],"mode":"matchingTag"},"is_exception":false} []
[2016-06-30 06:53:02] main.DEBUG: cache_invalidate:  {"method":"GET","url":"http:/","invalidateInfo":{"tags":["interception","CONFIG"],"mode":"matchingTag"},"is_exception":false} []
[2016-06-30 06:53:03] main.DEBUG: cache_invalidate:  {"method":"GET","url":"http:/","invalidateInfo":{"tags":["interception","CONFIG"],"mode":"matchingTag"},"is_exception":false} []
[2016-06-30 06:54:01] main.DEBUG: cache_invalidate:  {"method":"GET","url":"http:/","invalidateInfo":{"tags":["interception","CONFIG"],"mode":"matchingTag"},"is_exception":false} []
[2016-06-30 06:54:01] main.DEBUG: cache_invalidate:  {"method":"GET","url":"http:/","invalidateInfo":{"tags":["interception","CONFIG"],"mode":"matchingTag"},"is_exception":false} []
[2016-06-30 06:54:02] main.DEBUG: cache_invalidate:  {"method":"GET","url":"http:/","invalidateInfo":{"tags":["interception","CONFIG"],"mode":"matchingTag"},"is_exception":false} []
[2016-06-30 06:54:02] main.DEBUG: cache_invalidate:  {"method":"GET","url":"http:/","invalidateInfo":{"tags":["interception","CONFIG"],"mode":"matchingTag"},"is_exception":false} []
[2016-06-30 06:54:03] main.DEBUG: cache_invalidate:  {"method":"GET","url":"http:/","invalidateInfo":{"tags":["interception","CONFIG"],"mode":"matchingTag"},"is_exception":false} []
[2016-06-30 06:55:01] main.DEBUG: cache_invalidate:  {"method":"GET","url":"http:/","invalidateInfo":{"tags":["interception","CONFIG"],"mode":"matchingTag"},"is_exception":false} []
[2016-06-30 06:55:01] main.DEBUG: cache_invalidate:  {"method":"GET","url":"http:/","invalidateInfo":{"tags":["interception","CONFIG"],"mode":"matchingTag"},"is_exception":false} []
[2016-06-30 06:55:02] main.DEBUG: cache_invalidate:  {"method":"GET","url":"http:/","invalidateInfo":{"tags":["interception","CONFIG"],"mode":"matchingTag"},"is_exception":false} []
[2016-06-30 06:55:03] main.DEBUG: cache_invalidate:  {"method":"GET","url":"http:/","invalidateInfo":{"tags":["interception","CONFIG"],"mode":"matchingTag"},"is_exception":false} []
[2016-06-30 06:55:03] main.DEBUG: cache_invalidate:  {"method":"GET","url":"http:/","invalidateInfo":{"tags":["interception","CONFIG"],"mode":"matchingTag"},"is_exception":false} []
[2016-06-30 06:56:02] main.DEBUG: cache_invalidate:  {"method":"GET","url":"http:/","invalidateInfo":{"tags":["interception","CONFIG"],"mode":"matchingTag"},"is_exception":false} []
[2016-06-30 06:56:02] main.DEBUG: cache_invalidate:  {"method":"GET","url":"http:/","invalidateInfo":{"tags":["interception","CONFIG"],"mode":"matchingTag"},"is_exception":false} []
[2016-06-30 06:56:02] main.DEBUG: cache_invalidate:  {"method":"GET","url":"http:/","invalidateInfo":{"tags":["interception","CONFIG"],"mode":"matchingTag"},"is_exception":false} []
[2016-06-30 06:56:03] main.DEBUG: cache_invalidate:  {"method":"GET","url":"http:/","invalidateInfo":{"tags":["interception","CONFIG"],"mode":"matchingTag"},"is_exception":false} []
[2016-06-30 06:56:03] main.DEBUG: cache_invalidate:  {"method":"GET","url":"http:/","invalidateInfo":{"tags":["interception","CONFIG"],"mode":"matchingTag"},"is_exception":false} []
[2016-06-30 06:56:09] main.DEBUG: cache_invalidate:  {"method":"GET","url":"http://dev.weedshop.com/vaporizers","invalidateInfo":{"tags":["interception","CONFIG"],"mode":"matchingTag"},"is_exception":false} []
[2016-06-30 06:57:01] main.DEBUG: cache_invalidate:  {"method":"GET","url":"http:/","invalidateInfo":{"tags":["interception","CONFIG"],"mode":"matchingTag"},"is_exception":false} []
[2016-06-30 06:57:01] main.DEBUG: cache_invalidate:  {"method":"GET","url":"http:/","invalidateInfo":{"tags":["interception","CONFIG"],"mode":"matchingTag"},"is_exception":false} []
[2016-06-30 06:57:02] main.DEBUG: cache_invalidate:  {"method":"GET","url":"http:/","invalidateInfo":{"tags":["interception","CONFIG"],"mode":"matchingTag"},"is_exception":false} []
[2016-06-30 06:57:02] main.DEBUG: cache_invalidate:  {"method":"GET","url":"http:/","invalidateInfo":{"tags":["interception","CONFIG"],"mode":"matchingTag"},"is_exception":false} []
[2016-06-30 06:57:03] main.DEBUG: cache_invalidate:  {"method":"GET","url":"http:/","invalidateInfo":{"tags":["interception","CONFIG"],"mode":"matchingTag"},"is_exception":false} []
[2016-06-30 06:58:01] main.DEBUG: cache_invalidate:  {"method":"GET","url":"http:/","invalidateInfo":{"tags":["interception","CONFIG"],"mode":"matchingTag"},"is_exception":false} []
[2016-06-30 06:58:01] main.DEBUG: cache_invalidate:  {"method":"GET","url":"http:/","invalidateInfo":{"tags":["interception","CONFIG"],"mode":"matchingTag"},"is_exception":false} []
[2016-06-30 06:58:02] main.DEBUG: cache_invalidate:  {"method":"GET","url":"http:/","invalidateInfo":{"tags":["interception","CONFIG"],"mode":"matchingTag"},"is_exception":false} []
[2016-06-30 06:58:02] main.DEBUG: cache_invalidate:  {"method":"GET","url":"http:/","invalidateInfo":{"tags":["interception","CONFIG"],"mode":"matchingTag"},"is_exception":false} []
[2016-06-30 06:58:03] main.DEBUG: cache_invalidate:  {"method":"GET","url":"http:/","invalidateInfo":{"tags":["interception","CONFIG"],"mode":"matchingTag"},"is_exception":false} []
[2016-06-30 06:59:01] main.DEBUG: cache_invalidate:  {"method":"GET","url":"http:/","invalidateInfo":{"tags":["interception","CONFIG"],"mode":"matchingTag"},"is_exception":false} []
[2016-06-30 06:59:01] main.DEBUG: cache_invalidate:  {"method":"GET","url":"http:/","invalidateInfo":{"tags":["interception","CONFIG"],"mode":"matchingTag"},"is_exception":false} []
[2016-06-30 06:59:02] main.DEBUG: cache_invalidate:  {"method":"GET","url":"http:/","invalidateInfo":{"tags":["interception","CONFIG"],"mode":"matchingTag"},"is_exception":false} []
[2016-06-30 06:59:02] main.DEBUG: cache_invalidate:  {"method":"GET","url":"http:/","invalidateInfo":{"tags":["interception","CONFIG"],"mode":"matchingTag"},"is_exception":false} []
[2016-06-30 06:59:03] main.DEBUG: cache_invalidate:  {"method":"GET","url":"http:/","invalidateInfo":{"tags":["interception","CONFIG"],"mode":"matchingTag"},"is_exception":false} []
[2016-06-30 07:00:01] main.DEBUG: cache_invalidate:  {"method":"GET","url":"http:/","invalidateInfo":{"tags":["interception","CONFIG"],"mode":"matchingTag"},"is_exception":false} []
[2016-06-30 07:00:01] main.DEBUG: cache_invalidate:  {"method":"GET","url":"http:/","invalidateInfo":{"tags":["interception","CONFIG"],"mode":"matchingTag"},"is_exception":false} []
[2016-06-30 07:00:02] main.DEBUG: cache_invalidate:  {"method":"GET","url":"http:/","invalidateInfo":{"tags":["interception","CONFIG"],"mode":"matchingTag"},"is_exception":false} []
[2016-06-30 07:00:02] main.DEBUG: cache_invalidate:  {"method":"GET","url":"http:/","invalidateInfo":{"tags":["catalog_category","FPC"],"mode":"matchingTag"},"is_exception":false} []
[2016-06-30 07:00:02] main.DEBUG: cache_invalidate:  {"method":"GET","url":"http:/","invalidateInfo":{"tags":["catalog_product","FPC"],"mode":"matchingTag"},"is_exception":false} []
[2016-06-30 07:00:02] main.DEBUG: cache_invalidate:  {"method":"GET","url":"http:/","invalidateInfo":{"tags":["BLOCK_HTML","FPC"],"mode":"matchingTag"},"is_exception":false} []
[2016-06-30 07:00:02] main.DEBUG: cache_invalidate:  {"method":"GET","url":"http:/","invalidateInfo":{"tags":["catalog_category","catalog_product","BLOCK_HTML"],"mode":"matchingAnyTag"},"is_exception":false} []
[2016-06-30 07:00:02] main.DEBUG: cache_invalidate:  {"method":"GET","url":"http:/","invalidateInfo":{"tags":["interception","CONFIG"],"mode":"matchingTag"},"is_exception":false} []
[2016-06-30 07:00:03] main.DEBUG: cache_invalidate:  {"method":"GET","url":"http:/","invalidateInfo":{"tags":["interception","CONFIG"],"mode":"matchingTag"},"is_exception":false} []
[2016-06-30 07:01:01] main.DEBUG: cache_invalidate:  {"method":"GET","url":"http:/","invalidateInfo":{"tags":["interception","CONFIG"],"mode":"matchingTag"},"is_exception":false} []
[2016-06-30 07:01:01] main.DEBUG: cache_invalidate:  {"method":"GET","url":"http:/","invalidateInfo":{"tags":["interception","CONFIG"],"mode":"matchingTag"},"is_exception":false} []
[2016-06-30 07:01:02] main.DEBUG: cache_invalidate:  {"method":"GET","url":"http:/","invalidateInfo":{"tags":["interception","CONFIG"],"mode":"matchingTag"},"is_exception":false} []
[2016-06-30 07:01:02] main.DEBUG: cache_invalidate:  {"method":"GET","url":"http:/","invalidateInfo":{"tags":["catalog_category","FPC"],"mode":"matchingTag"},"is_exception":false} []
[2016-06-30 07:01:02] main.DEBUG: cache_invalidate:  {"method":"GET","url":"http:/","invalidateInfo":{"tags":["catalog_product","FPC"],"mode":"matchingTag"},"is_exception":false} []
[2016-06-30 07:01:02] main.DEBUG: cache_invalidate:  {"method":"GET","url":"http:/","invalidateInfo":{"tags":["BLOCK_HTML","FPC"],"mode":"matchingTag"},"is_exception":false} []
[2016-06-30 07:01:02] main.DEBUG: cache_invalidate:  {"method":"GET","url":"http:/","invalidateInfo":{"tags":["catalog_category","catalog_product","BLOCK_HTML"],"mode":"matchingAnyTag"},"is_exception":false} []
[2016-06-30 07:01:02] main.DEBUG: cache_invalidate:  {"method":"GET","url":"http:/","invalidateInfo":{"tags":["interception","CONFIG"],"mode":"matchingTag"},"is_exception":false} []
[2016-06-30 07:01:03] main.DEBUG: cache_invalidate:  {"method":"GET","url":"http:/","invalidateInfo":{"tags":["interception","CONFIG"],"mode":"matchingTag"},"is_exception":false} []
[2016-06-30 07:02:01] main.DEBUG: cache_invalidate:  {"method":"GET","url":"http:/","invalidateInfo":{"tags":["interception","CONFIG"],"mode":"matchingTag"},"is_exception":false} []
[2016-06-30 07:02:01] main.DEBUG: cache_invalidate:  {"method":"GET","url":"http:/","invalidateInfo":{"tags":["interception","CONFIG"],"mode":"matchingTag"},"is_exception":false} []
[2016-06-30 07:02:02] main.DEBUG: cache_invalidate:  {"method":"GET","url":"http:/","invalidateInfo":{"tags":["interception","CONFIG"],"mode":"matchingTag"},"is_exception":false} []
[2016-06-30 07:02:02] main.DEBUG: cache_invalidate:  {"method":"GET","url":"http:/","invalidateInfo":{"tags":["interception","CONFIG"],"mode":"matchingTag"},"is_exception":false} []
[2016-06-30 07:02:03] main.DEBUG: cache_invalidate:  {"method":"GET","url":"http:/","invalidateInfo":{"tags":["interception","CONFIG"],"mode":"matchingTag"},"is_exception":false} []
[2016-06-30 07:02:25] main.DEBUG: cache_invalidate:  {"method":"GET","url":"http://dev.weedshop.com/vaporizers","invalidateInfo":{"tags":["interception","CONFIG"],"mode":"matchingTag"},"is_exception":false} []
[2016-06-30 07:03:01] main.DEBUG: cache_invalidate:  {"method":"GET","url":"http:/","invalidateInfo":{"tags":["interception","CONFIG"],"mode":"matchingTag"},"is_exception":false} []
[2016-06-30 07:03:01] main.DEBUG: cache_invalidate:  {"method":"GET","url":"http:/","invalidateInfo":{"tags":["interception","CONFIG"],"mode":"matchingTag"},"is_exception":false} []
[2016-06-30 07:03:02] main.DEBUG: cache_invalidate:  {"method":"GET","url":"http:/","invalidateInfo":{"tags":["interception","CONFIG"],"mode":"matchingTag"},"is_exception":false} []
[2016-06-30 07:03:02] main.DEBUG: cache_invalidate:  {"method":"GET","url":"http:/","invalidateInfo":{"tags":["interception","CONFIG"],"mode":"matchingTag"},"is_exception":false} []
[2016-06-30 07:03:03] main.DEBUG: cache_invalidate:  {"method":"GET","url":"http:/","invalidateInfo":{"tags":["interception","CONFIG"],"mode":"matchingTag"},"is_exception":false} []
[2016-06-30 07:04:01] main.DEBUG: cache_invalidate:  {"method":"GET","url":"http:/","invalidateInfo":{"tags":["interception","CONFIG"],"mode":"matchingTag"},"is_exception":false} []
[2016-06-30 07:04:01] main.DEBUG: cache_invalidate:  {"method":"GET","url":"http:/","invalidateInfo":{"tags":["interception","CONFIG"],"mode":"matchingTag"},"is_exception":false} []
[2016-06-30 07:04:02] main.DEBUG: cache_invalidate:  {"method":"GET","url":"http:/","invalidateInfo":{"tags":["interception","CONFIG"],"mode":"matchingTag"},"is_exception":false} []
[2016-06-30 07:04:02] main.DEBUG: cache_invalidate:  {"method":"GET","url":"http:/","invalidateInfo":{"tags":["interception","CONFIG"],"mode":"matchingTag"},"is_exception":false} []
[2016-06-30 07:04:03] main.DEBUG: cache_invalidate:  {"method":"GET","url":"http:/","invalidateInfo":{"tags":["interception","CONFIG"],"mode":"matchingTag"},"is_exception":false} []
[2016-06-30 07:04:23] main.DEBUG: cache_invalidate:  {"method":"GET","url":"http://dev.weedshop.com/vaporizers","invalidateInfo":{"tags":["interception","CONFIG"],"mode":"matchingTag"},"is_exception":false} []
[2016-06-30 07:04:27] main.DEBUG: cache_invalidate:  {"method":"GET","url":"http://dev.weedshop.com/vaporizers","invalidateInfo":{"tags":["interception","CONFIG"],"mode":"matchingTag"},"is_exception":false} []
[2016-06-30 07:05:01] main.DEBUG: cache_invalidate:  {"method":"GET","url":"http:/","invalidateInfo":{"tags":["interception","CONFIG"],"mode":"matchingTag"},"is_exception":false} []
[2016-06-30 07:05:01] main.DEBUG: cache_invalidate:  {"method":"GET","url":"http:/","invalidateInfo":{"tags":["interception","CONFIG"],"mode":"matchingTag"},"is_exception":false} []
[2016-06-30 07:05:02] main.DEBUG: cache_invalidate:  {"method":"GET","url":"http:/","invalidateInfo":{"tags":["interception","CONFIG"],"mode":"matchingTag"},"is_exception":false} []
[2016-06-30 07:05:02] main.DEBUG: cache_invalidate:  {"method":"GET","url":"http:/","invalidateInfo":{"tags":["interception","CONFIG"],"mode":"matchingTag"},"is_exception":false} []
[2016-06-30 07:05:03] main.DEBUG: cache_invalidate:  {"method":"GET","url":"http:/","invalidateInfo":{"tags":["interception","CONFIG"],"mode":"matchingTag"},"is_exception":false} []
[2016-06-30 07:06:01] main.DEBUG: cache_invalidate:  {"method":"GET","url":"http:/","invalidateInfo":{"tags":["interception","CONFIG"],"mode":"matchingTag"},"is_exception":false} []
[2016-06-30 07:06:01] main.DEBUG: cache_invalidate:  {"method":"GET","url":"http:/","invalidateInfo":{"tags":["interception","CONFIG"],"mode":"matchingTag"},"is_exception":false} []
[2016-06-30 07:06:01] main.DEBUG: cache_invalidate:  {"method":"GET","url":"http:/","invalidateInfo":{"tags":["interception","CONFIG"],"mode":"matchingTag"},"is_exception":false} []
[2016-06-30 07:06:02] main.DEBUG: cache_invalidate:  {"method":"GET","url":"http:/","invalidateInfo":{"tags":["interception","CONFIG"],"mode":"matchingTag"},"is_exception":false} []
[2016-06-30 07:06:02] main.DEBUG: cache_invalidate:  {"method":"GET","url":"http:/","invalidateInfo":{"tags":["interception","CONFIG"],"mode":"matchingTag"},"is_exception":false} []
[2016-06-30 07:07:01] main.DEBUG: cache_invalidate:  {"method":"GET","url":"http:/","invalidateInfo":{"tags":["interception","CONFIG"],"mode":"matchingTag"},"is_exception":false} []
[2016-06-30 07:07:01] main.DEBUG: cache_invalidate:  {"method":"GET","url":"http:/","invalidateInfo":{"tags":["interception","CONFIG"],"mode":"matchingTag"},"is_exception":false} []
[2016-06-30 07:07:01] main.DEBUG: cache_invalidate:  {"method":"GET","url":"http:/","invalidateInfo":{"tags":["interception","CONFIG"],"mode":"matchingTag"},"is_exception":false} []
[2016-06-30 07:07:02] main.DEBUG: cache_invalidate:  {"method":"GET","url":"http:/","invalidateInfo":{"tags":["interception","CONFIG"],"mode":"matchingTag"},"is_exception":false} []
[2016-06-30 07:07:02] main.DEBUG: cache_invalidate:  {"method":"GET","url":"http:/","invalidateInfo":{"tags":["interception","CONFIG"],"mode":"matchingTag"},"is_exception":false} []
[2016-06-30 07:08:01] main.DEBUG: cache_invalidate:  {"method":"GET","url":"http:/","invalidateInfo":{"tags":["interception","CONFIG"],"mode":"matchingTag"},"is_exception":false} []
[2016-06-30 07:08:01] main.DEBUG: cache_invalidate:  {"method":"GET","url":"http:/","invalidateInfo":{"tags":["interception","CONFIG"],"mode":"matchingTag"},"is_exception":false} []
[2016-06-30 07:08:01] main.DEBUG: cache_invalidate:  {"method":"GET","url":"http:/","invalidateInfo":{"tags":["interception","CONFIG"],"mode":"matchingTag"},"is_exception":false} []
[2016-06-30 07:08:02] main.DEBUG: cache_invalidate:  {"method":"GET","url":"http:/","invalidateInfo":{"tags":["interception","CONFIG"],"mode":"matchingTag"},"is_exception":false} []
[2016-06-30 07:08:02] main.DEBUG: cache_invalidate:  {"method":"GET","url":"http:/","invalidateInfo":{"tags":["interception","CONFIG"],"mode":"matchingTag"},"is_exception":false} []
[2016-06-30 07:08:53] main.DEBUG: cache_invalidate:  {"method":"GET","url":"http://dev.weedshop.com/vaporizers","invalidateInfo":{"tags":["interception","CONFIG"],"mode":"matchingTag"},"is_exception":false} []
[2016-06-30 07:09:01] main.DEBUG: cache_invalidate:  {"method":"GET","url":"http:/","invalidateInfo":{"tags":["interception","CONFIG"],"mode":"matchingTag"},"is_exception":false} []
[2016-06-30 07:09:01] main.DEBUG: cache_invalidate:  {"method":"GET","url":"http:/","invalidateInfo":{"tags":["interception","CONFIG"],"mode":"matchingTag"},"is_exception":false} []
[2016-06-30 07:09:01] main.DEBUG: cache_invalidate:  {"method":"GET","url":"http:/","invalidateInfo":{"tags":["interception","CONFIG"],"mode":"matchingTag"},"is_exception":false} []
[2016-06-30 07:09:02] main.DEBUG: cache_invalidate:  {"method":"GET","url":"http:/","invalidateInfo":{"tags":["interception","CONFIG"],"mode":"matchingTag"},"is_exception":false} []
[2016-06-30 07:09:02] main.DEBUG: cache_invalidate:  {"method":"GET","url":"http:/","invalidateInfo":{"tags":["interception","CONFIG"],"mode":"matchingTag"},"is_exception":false} []
[2016-06-30 07:09:03] main.DEBUG: cache_invalidate:  {"method":"GET","url":"http:/","invalidateInfo":{"tags":["interception","CONFIG"],"mode":"matchingTag"},"is_exception":false} []
[2016-06-30 07:09:04] main.DEBUG: cache_invalidate:  {"method":"GET","url":"http:/","invalidateInfo":{"tags":["FPC"],"mode":"matchingTag"},"is_exception":false} []
[2016-06-30 07:09:04] main.DEBUG: cache_invalidate:  {"method":"GET","url":"http:/","invalidateInfo":{"tags":["CONFIG"],"mode":"matchingTag"},"is_exception":false} []
[2016-06-30 07:09:04] main.DEBUG: cache_invalidate:  {"method":"GET","url":"http:/","invalidateInfo":{"tags":["LAYOUT_GENERAL_CACHE_TAG"],"mode":"matchingTag"},"is_exception":false} []
[2016-06-30 07:09:04] main.DEBUG: cache_invalidate:  {"method":"GET","url":"http:/","invalidateInfo":{"tags":["BLOCK_HTML"],"mode":"matchingTag"},"is_exception":false} []
[2016-06-30 07:09:04] main.DEBUG: cache_invalidate:  {"method":"GET","url":"http:/","invalidateInfo":{"tags":["COLLECTION_DATA"],"mode":"matchingTag"},"is_exception":false} []
[2016-06-30 07:09:04] main.DEBUG: cache_invalidate:  {"method":"GET","url":"http:/","invalidateInfo":{"tags":["REFLECTION"],"mode":"matchingTag"},"is_exception":false} []
[2016-06-30 07:09:04] main.DEBUG: cache_invalidate:  {"method":"GET","url":"http:/","invalidateInfo":{"tags":["DB_DDL"],"mode":"matchingTag"},"is_exception":false} []
[2016-06-30 07:09:04] main.DEBUG: cache_invalidate:  {"method":"GET","url":"http:/","invalidateInfo":{"tags":["EAV"],"mode":"matchingTag"},"is_exception":false} []
[2016-06-30 07:09:04] main.DEBUG: cache_invalidate:  {"method":"GET","url":"http:/","invalidateInfo":{"tags":["CUSTOMER_NOTIFICATION"],"mode":"matchingTag"},"is_exception":false} []
[2016-06-30 07:09:04] main.DEBUG: cache_invalidate:  {"method":"GET","url":"http:/","invalidateInfo":{"tags":["FPC"],"mode":"matchingTag"},"is_exception":false} []
[2016-06-30 07:09:04] main.DEBUG: cache_invalidate:  {"method":"GET","url":"http:/","invalidateInfo":{"tags":["INTEGRATION"],"mode":"matchingTag"},"is_exception":false} []
[2016-06-30 07:09:04] main.DEBUG: cache_invalidate:  {"method":"GET","url":"http:/","invalidateInfo":{"tags":["INTEGRATION_API_CONFIG"],"mode":"matchingTag"},"is_exception":false} []
[2016-06-30 07:09:04] main.DEBUG: cache_invalidate:  {"method":"GET","url":"http:/","invalidateInfo":{"tags":["TRANSLATE"],"mode":"matchingTag"},"is_exception":false} []
[2016-06-30 07:09:04] main.DEBUG: cache_invalidate:  {"method":"GET","url":"http:/","invalidateInfo":{"tags":["WEBSERVICE"],"mode":"matchingTag"},"is_exception":false} []
[2016-06-30 07:09:08] main.DEBUG: cache_invalidate:  {"method":"GET","url":"http://dev.weedshop.com/vaporizers","invalidateInfo":{"tags":["interception","CONFIG"],"mode":"matchingTag"},"is_exception":false} []
[2016-06-30 07:09:35] main.DEBUG: cache_invalidate:  {"method":"GET","url":"http:/","invalidateInfo":{"tags":["FPC"],"mode":"matchingTag"},"is_exception":false} []
[2016-06-30 07:09:35] main.DEBUG: cache_invalidate:  {"method":"GET","url":"http:/","invalidateInfo":{"tags":["CONFIG"],"mode":"matchingTag"},"is_exception":false} []
[2016-06-30 07:09:35] main.DEBUG: cache_invalidate:  {"method":"GET","url":"http:/","invalidateInfo":{"tags":["LAYOUT_GENERAL_CACHE_TAG"],"mode":"matchingTag"},"is_exception":false} []
[2016-06-30 07:09:35] main.DEBUG: cache_invalidate:  {"method":"GET","url":"http:/","invalidateInfo":{"tags":["BLOCK_HTML"],"mode":"matchingTag"},"is_exception":false} []
[2016-06-30 07:09:35] main.DEBUG: cache_invalidate:  {"method":"GET","url":"http:/","invalidateInfo":{"tags":["COLLECTION_DATA"],"mode":"matchingTag"},"is_exception":false} []
[2016-06-30 07:09:35] main.DEBUG: cache_invalidate:  {"method":"GET","url":"http:/","invalidateInfo":{"tags":["REFLECTION"],"mode":"matchingTag"},"is_exception":false} []
[2016-06-30 07:09:35] main.DEBUG: cache_invalidate:  {"method":"GET","url":"http:/","invalidateInfo":{"tags":["DB_DDL"],"mode":"matchingTag"},"is_exception":false} []
[2016-06-30 07:09:35] main.DEBUG: cache_invalidate:  {"method":"GET","url":"http:/","invalidateInfo":{"tags":["EAV"],"mode":"matchingTag"},"is_exception":false} []
[2016-06-30 07:09:35] main.DEBUG: cache_invalidate:  {"method":"GET","url":"http:/","invalidateInfo":{"tags":["CUSTOMER_NOTIFICATION"],"mode":"matchingTag"},"is_exception":false} []
[2016-06-30 07:09:35] main.DEBUG: cache_invalidate:  {"method":"GET","url":"http:/","invalidateInfo":{"tags":["FPC"],"mode":"matchingTag"},"is_exception":false} []
[2016-06-30 07:09:35] main.DEBUG: cache_invalidate:  {"method":"GET","url":"http:/","invalidateInfo":{"tags":["INTEGRATION"],"mode":"matchingTag"},"is_exception":false} []
[2016-06-30 07:09:35] main.DEBUG: cache_invalidate:  {"method":"GET","url":"http:/","invalidateInfo":{"tags":["INTEGRATION_API_CONFIG"],"mode":"matchingTag"},"is_exception":false} []
[2016-06-30 07:09:35] main.DEBUG: cache_invalidate:  {"method":"GET","url":"http:/","invalidateInfo":{"tags":["TRANSLATE"],"mode":"matchingTag"},"is_exception":false} []
[2016-06-30 07:09:35] main.DEBUG: cache_invalidate:  {"method":"GET","url":"http:/","invalidateInfo":{"tags":["WEBSERVICE"],"mode":"matchingTag"},"is_exception":false} []
[2016-06-30 07:09:39] main.DEBUG: cache_invalidate:  {"method":"GET","url":"http://dev.weedshop.com/vaporizers","invalidateInfo":{"tags":["interception","CONFIG"],"mode":"matchingTag"},"is_exception":false} []
