[2016-06-30 05:07:00] main.CRITICAL: Broken reference: the 'bottomline' element cannot be added as child to 'product.info.main', because the latter doesn't exist [] []
[2016-06-30 05:07:00] main.CRITICAL: Broken reference: the 'yotpo_conversion' element cannot be added as child to 'order.success.additional.info', because the latter doesn't exist [] []
[2016-06-30 05:07:00] main.CRITICAL: Broken reference: the 'bottomline' tries to reorder itself towards 'product.info.addto', but their parents are different: 'product.info.main' and '' respectively. [] []
[2016-06-30 05:09:40] main.INFO: Cache file with merged layout: LAYOUT_frontend_STORE1_4a69fc3348bccf3161d216e06e4a724cc and handles default, catalog_category_view, catalog_category_view_type_layered, catalog_category_view_id_3: Please correct the XML data and try again.  [] []
[2016-06-30 05:09:40] main.INFO: Cache file with merged layout: LAYOUT_frontend_STORE1_4a7ccd8094436548b564a588f6303121c and handles 2columns-left: Please correct the XML data and try again.  [] []
[2016-06-30 05:09:40] main.CRITICAL: Broken reference: the 'bottomline' element cannot be added as child to 'product.info.main', because the latter doesn't exist [] []
[2016-06-30 05:09:40] main.CRITICAL: Broken reference: the 'yotpo_conversion' element cannot be added as child to 'order.success.additional.info', because the latter doesn't exist [] []
[2016-06-30 05:09:40] main.CRITICAL: Broken reference: the 'bottomline' tries to reorder itself towards 'product.info.addto', but their parents are different: 'product.info.main' and '' respectively. [] []
[2016-06-30 05:09:40] main.INFO: Cache file with merged layout: LAYOUT_frontend_STORE1_46f1b068ec7ccf4878f9284dd1137afd1 and handles catalog_product_prices: Please correct the XML data and try again.  [] []
[2016-06-30 05:09:40] main.INFO: Cache file with merged layout: LAYOUT_frontend_STORE1_464f7cbd6294e40256ecc52fd4711dd60 and handles default, cms_noroute_index, cms_page_view, cms_noroute_index_id_no-route: Please correct the XML data and try again.  [] []
[2016-06-30 05:09:40] main.INFO: Cache file with merged layout: LAYOUT_frontend_STORE1_4c6690f29cb80c2b881a7311e8632bc3e and handles 2columns-right: Please correct the XML data and try again.  [] []
[2016-06-30 05:09:40] main.CRITICAL: Broken reference: the 'bottomline' element cannot be added as child to 'product.info.main', because the latter doesn't exist [] []
[2016-06-30 05:09:40] main.CRITICAL: Broken reference: the 'yotpo_conversion' element cannot be added as child to 'order.success.additional.info', because the latter doesn't exist [] []
[2016-06-30 05:09:40] main.CRITICAL: Broken reference: the 'bottomline' tries to reorder itself towards 'product.info.addto', but their parents are different: 'product.info.main' and '' respectively. [] []
[2016-06-30 05:10:18] main.CRITICAL: Broken reference: the 'bottomline' element cannot be added as child to 'product.info.main', because the latter doesn't exist [] []
[2016-06-30 05:10:18] main.CRITICAL: Broken reference: the 'yotpo_conversion' element cannot be added as child to 'order.success.additional.info', because the latter doesn't exist [] []
[2016-06-30 05:10:18] main.CRITICAL: Broken reference: the 'bottomline' tries to reorder itself towards 'product.info.addto', but their parents are different: 'product.info.main' and '' respectively. [] []
[2016-06-30 05:10:18] main.CRITICAL: Broken reference: the 'bottomline' element cannot be added as child to 'product.info.main', because the latter doesn't exist [] []
[2016-06-30 05:10:18] main.CRITICAL: Broken reference: the 'yotpo_conversion' element cannot be added as child to 'order.success.additional.info', because the latter doesn't exist [] []
[2016-06-30 05:10:18] main.CRITICAL: Broken reference: the 'bottomline' tries to reorder itself towards 'product.info.addto', but their parents are different: 'product.info.main' and '' respectively. [] []
[2016-06-30 05:21:36] main.CRITICAL: Broken reference: the 'bottomline' element cannot be added as child to 'product.info.main', because the latter doesn't exist [] []
[2016-06-30 05:21:36] main.CRITICAL: Broken reference: the 'yotpo_conversion' element cannot be added as child to 'order.success.additional.info', because the latter doesn't exist [] []
[2016-06-30 05:21:36] main.CRITICAL: Broken reference: the 'bottomline' tries to reorder itself towards 'product.info.addto', but their parents are different: 'product.info.main' and '' respectively. [] []
[2016-06-30 05:21:36] main.CRITICAL: Broken reference: the 'bottomline' element cannot be added as child to 'product.info.main', because the latter doesn't exist [] []
[2016-06-30 05:21:36] main.CRITICAL: Broken reference: the 'yotpo_conversion' element cannot be added as child to 'order.success.additional.info', because the latter doesn't exist [] []
[2016-06-30 05:21:36] main.CRITICAL: Broken reference: the 'bottomline' tries to reorder itself towards 'product.info.addto', but their parents are different: 'product.info.main' and '' respectively. [] []
[2016-06-30 05:22:32] main.CRITICAL: Broken reference: the 'bottomline' element cannot be added as child to 'product.info.main', because the latter doesn't exist [] []
[2016-06-30 05:22:32] main.CRITICAL: Broken reference: the 'yotpo_conversion' element cannot be added as child to 'order.success.additional.info', because the latter doesn't exist [] []
[2016-06-30 05:22:32] main.CRITICAL: Broken reference: the 'bottomline' tries to reorder itself towards 'product.info.addto', but their parents are different: 'product.info.main' and '' respectively. [] []
[2016-06-30 05:22:32] main.CRITICAL: Broken reference: the 'bottomline' element cannot be added as child to 'product.info.main', because the latter doesn't exist [] []
[2016-06-30 05:22:32] main.CRITICAL: Broken reference: the 'yotpo_conversion' element cannot be added as child to 'order.success.additional.info', because the latter doesn't exist [] []
[2016-06-30 05:22:32] main.CRITICAL: Broken reference: the 'bottomline' tries to reorder itself towards 'product.info.addto', but their parents are different: 'product.info.main' and '' respectively. [] []
[2016-06-30 05:22:40] main.INFO: Cache file with merged layout: LAYOUT_frontend_STORE1_4a69fc3348bccf3161d216e06e4a724cc and handles default, catalog_category_view, catalog_category_view_type_layered, catalog_category_view_id_3: Please correct the XML data and try again.  [] []
[2016-06-30 05:22:40] main.INFO: Cache file with merged layout: LAYOUT_frontend_STORE1_4a7ccd8094436548b564a588f6303121c and handles 2columns-left: Please correct the XML data and try again.  [] []
[2016-06-30 05:22:40] main.CRITICAL: Broken reference: the 'bottomline' element cannot be added as child to 'product.info.main', because the latter doesn't exist [] []
[2016-06-30 05:22:40] main.CRITICAL: Broken reference: the 'yotpo_conversion' element cannot be added as child to 'order.success.additional.info', because the latter doesn't exist [] []
[2016-06-30 05:22:40] main.CRITICAL: Broken reference: the 'bottomline' tries to reorder itself towards 'product.info.addto', but their parents are different: 'product.info.main' and '' respectively. [] []
[2016-06-30 05:22:40] main.INFO: Cache file with merged layout: LAYOUT_frontend_STORE1_46f1b068ec7ccf4878f9284dd1137afd1 and handles catalog_product_prices: Please correct the XML data and try again.  [] []
[2016-06-30 05:30:48] main.CRITICAL: Broken reference: the 'bottomline' element cannot be added as child to 'product.info.main', because the latter doesn't exist [] []
[2016-06-30 05:30:48] main.CRITICAL: Broken reference: the 'yotpo_conversion' element cannot be added as child to 'order.success.additional.info', because the latter doesn't exist [] []
[2016-06-30 05:30:48] main.CRITICAL: Broken reference: the 'bottomline' tries to reorder itself towards 'product.info.addto', but their parents are different: 'product.info.main' and '' respectively. [] []
[2016-06-30 06:09:48] main.CRITICAL: Broken reference: the 'bottomline' element cannot be added as child to 'product.info.main', because the latter doesn't exist [] []
[2016-06-30 06:09:48] main.CRITICAL: Broken reference: the 'yotpo_conversion' element cannot be added as child to 'order.success.additional.info', because the latter doesn't exist [] []
[2016-06-30 06:09:48] main.CRITICAL: Broken reference: the 'bottomline' tries to reorder itself towards 'product.info.addto', but their parents are different: 'product.info.main' and '' respectively. [] []
[2016-06-30 06:09:49] main.INFO: Cache file with merged layout: LAYOUT_frontend_STORE1_4d41d8cd98f00b204e9800998ecf8427e and handles : Please correct the XML data and try again.  [] []
[2016-06-30 06:15:50] main.INFO: Cache file with merged layout: LAYOUT_frontend_STORE1_4a69fc3348bccf3161d216e06e4a724cc and handles default, catalog_category_view, catalog_category_view_type_layered, catalog_category_view_id_3: Please correct the XML data and try again.  [] []
[2016-06-30 06:15:50] main.INFO: Cache file with merged layout: LAYOUT_frontend_STORE1_4a7ccd8094436548b564a588f6303121c and handles 2columns-left: Please correct the XML data and try again.  [] []
[2016-06-30 06:15:50] main.CRITICAL: Broken reference: the 'bottomline' element cannot be added as child to 'product.info.main', because the latter doesn't exist [] []
[2016-06-30 06:15:50] main.CRITICAL: Broken reference: the 'yotpo_conversion' element cannot be added as child to 'order.success.additional.info', because the latter doesn't exist [] []
[2016-06-30 06:15:50] main.CRITICAL: Broken reference: the 'bottomline' tries to reorder itself towards 'product.info.addto', but their parents are different: 'product.info.main' and '' respectively. [] []
[2016-06-30 06:15:50] main.INFO: Cache file with merged layout: LAYOUT_frontend_STORE1_46f1b068ec7ccf4878f9284dd1137afd1 and handles catalog_product_prices: Please correct the XML data and try again.  [] []
[2016-06-30 06:15:50] main.INFO: Cache file with merged layout: LAYOUT_frontend_STORE1_464f7cbd6294e40256ecc52fd4711dd60 and handles default, cms_noroute_index, cms_page_view, cms_noroute_index_id_no-route: Please correct the XML data and try again.  [] []
[2016-06-30 06:15:50] main.INFO: Cache file with merged layout: LAYOUT_frontend_STORE1_4c6690f29cb80c2b881a7311e8632bc3e and handles 2columns-right: Please correct the XML data and try again.  [] []
[2016-06-30 06:15:50] main.CRITICAL: Broken reference: the 'bottomline' element cannot be added as child to 'product.info.main', because the latter doesn't exist [] []
[2016-06-30 06:15:50] main.CRITICAL: Broken reference: the 'yotpo_conversion' element cannot be added as child to 'order.success.additional.info', because the latter doesn't exist [] []
[2016-06-30 06:15:50] main.CRITICAL: Broken reference: the 'bottomline' tries to reorder itself towards 'product.info.addto', but their parents are different: 'product.info.main' and '' respectively. [] []
[2016-06-30 06:16:45] main.INFO: Cache file with merged layout: LAYOUT_frontend_STORE1_4a69fc3348bccf3161d216e06e4a724cc and handles default, catalog_category_view, catalog_category_view_type_layered, catalog_category_view_id_3: Please correct the XML data and try again.  [] []
[2016-06-30 06:16:45] main.INFO: Cache file with merged layout: LAYOUT_frontend_STORE1_4a7ccd8094436548b564a588f6303121c and handles 2columns-left: Please correct the XML data and try again.  [] []
[2016-06-30 06:16:45] main.CRITICAL: Broken reference: the 'bottomline' element cannot be added as child to 'product.info.main', because the latter doesn't exist [] []
[2016-06-30 06:16:45] main.CRITICAL: Broken reference: the 'yotpo_conversion' element cannot be added as child to 'order.success.additional.info', because the latter doesn't exist [] []
[2016-06-30 06:16:45] main.CRITICAL: Broken reference: the 'bottomline' tries to reorder itself towards 'product.info.addto', but their parents are different: 'product.info.main' and '' respectively. [] []
[2016-06-30 06:16:45] main.INFO: Cache file with merged layout: LAYOUT_frontend_STORE1_46f1b068ec7ccf4878f9284dd1137afd1 and handles catalog_product_prices: Please correct the XML data and try again.  [] []
[2016-06-30 06:17:02] main.CRITICAL: Broken reference: the 'bottomline' element cannot be added as child to 'product.info.main', because the latter doesn't exist [] []
[2016-06-30 06:17:02] main.CRITICAL: Broken reference: the 'yotpo_conversion' element cannot be added as child to 'order.success.additional.info', because the latter doesn't exist [] []
[2016-06-30 06:17:02] main.CRITICAL: Broken reference: the 'bottomline' tries to reorder itself towards 'product.info.addto', but their parents are different: 'product.info.main' and '' respectively. [] []
[2016-06-30 06:17:15] main.CRITICAL: Broken reference: the 'bottomline' element cannot be added as child to 'product.info.main', because the latter doesn't exist [] []
[2016-06-30 06:17:15] main.CRITICAL: Broken reference: the 'yotpo_conversion' element cannot be added as child to 'order.success.additional.info', because the latter doesn't exist [] []
[2016-06-30 06:17:15] main.CRITICAL: Broken reference: the 'bottomline' tries to reorder itself towards 'product.info.addto', but their parents are different: 'product.info.main' and '' respectively. [] []
[2016-06-30 06:36:32] main.CRITICAL: Broken reference: the 'bottomline' element cannot be added as child to 'product.info.main', because the latter doesn't exist [] []
[2016-06-30 06:36:32] main.CRITICAL: Broken reference: the 'yotpo_conversion' element cannot be added as child to 'order.success.additional.info', because the latter doesn't exist [] []
[2016-06-30 06:36:32] main.CRITICAL: Broken reference: the 'bottomline' tries to reorder itself towards 'product.info.addto', but their parents are different: 'product.info.main' and '' respectively. [] []
[2016-06-30 06:36:46] main.INFO: Cache file with merged layout: LAYOUT_frontend_STORE1_4a69fc3348bccf3161d216e06e4a724cc and handles default, catalog_category_view, catalog_category_view_type_layered, catalog_category_view_id_3: Please correct the XML data and try again.  [] []
[2016-06-30 06:36:46] main.INFO: Cache file with merged layout: LAYOUT_frontend_STORE1_4a7ccd8094436548b564a588f6303121c and handles 2columns-left: Please correct the XML data and try again.  [] []
[2016-06-30 06:36:46] main.CRITICAL: Broken reference: the 'bottomline' element cannot be added as child to 'product.info.main', because the latter doesn't exist [] []
[2016-06-30 06:36:46] main.CRITICAL: Broken reference: the 'yotpo_conversion' element cannot be added as child to 'order.success.additional.info', because the latter doesn't exist [] []
[2016-06-30 06:36:46] main.CRITICAL: Broken reference: the 'bottomline' tries to reorder itself towards 'product.info.addto', but their parents are different: 'product.info.main' and '' respectively. [] []
[2016-06-30 06:36:46] main.INFO: Cache file with merged layout: LAYOUT_frontend_STORE1_46f1b068ec7ccf4878f9284dd1137afd1 and handles catalog_product_prices: Please correct the XML data and try again.  [] []
[2016-06-30 06:36:46] main.INFO: Cache file with merged layout: LAYOUT_frontend_STORE1_464f7cbd6294e40256ecc52fd4711dd60 and handles default, cms_noroute_index, cms_page_view, cms_noroute_index_id_no-route: Please correct the XML data and try again.  [] []
[2016-06-30 06:36:46] main.INFO: Cache file with merged layout: LAYOUT_frontend_STORE1_4c6690f29cb80c2b881a7311e8632bc3e and handles 2columns-right: Please correct the XML data and try again.  [] []
[2016-06-30 06:36:46] main.CRITICAL: Broken reference: the 'bottomline' element cannot be added as child to 'product.info.main', because the latter doesn't exist [] []
[2016-06-30 06:36:46] main.CRITICAL: Broken reference: the 'yotpo_conversion' element cannot be added as child to 'order.success.additional.info', because the latter doesn't exist [] []
[2016-06-30 06:36:46] main.CRITICAL: Broken reference: the 'bottomline' tries to reorder itself towards 'product.info.addto', but their parents are different: 'product.info.main' and '' respectively. [] []
[2016-06-30 06:38:37] main.INFO: Cache file with merged layout: LAYOUT_frontend_STORE1_4a69fc3348bccf3161d216e06e4a724cc and handles default, catalog_category_view, catalog_category_view_type_layered, catalog_category_view_id_3: Please correct the XML data and try again.  [] []
[2016-06-30 06:38:37] main.INFO: Cache file with merged layout: LAYOUT_frontend_STORE1_4a7ccd8094436548b564a588f6303121c and handles 2columns-left: Please correct the XML data and try again.  [] []
[2016-06-30 06:38:37] main.CRITICAL: Broken reference: the 'bottomline' element cannot be added as child to 'product.info.main', because the latter doesn't exist [] []
[2016-06-30 06:38:37] main.CRITICAL: Broken reference: the 'yotpo_conversion' element cannot be added as child to 'order.success.additional.info', because the latter doesn't exist [] []
[2016-06-30 06:38:37] main.CRITICAL: Broken reference: the 'bottomline' tries to reorder itself towards 'product.info.addto', but their parents are different: 'product.info.main' and '' respectively. [] []
[2016-06-30 06:38:37] main.INFO: Cache file with merged layout: LAYOUT_frontend_STORE1_46f1b068ec7ccf4878f9284dd1137afd1 and handles catalog_product_prices: Please correct the XML data and try again.  [] []
[2016-06-30 06:38:37] main.INFO: Cache file with merged layout: LAYOUT_frontend_STORE1_464f7cbd6294e40256ecc52fd4711dd60 and handles default, cms_noroute_index, cms_page_view, cms_noroute_index_id_no-route: Please correct the XML data and try again.  [] []
[2016-06-30 06:38:37] main.INFO: Cache file with merged layout: LAYOUT_frontend_STORE1_4c6690f29cb80c2b881a7311e8632bc3e and handles 2columns-right: Please correct the XML data and try again.  [] []
[2016-06-30 06:38:37] main.CRITICAL: Broken reference: the 'bottomline' element cannot be added as child to 'product.info.main', because the latter doesn't exist [] []
[2016-06-30 06:38:37] main.CRITICAL: Broken reference: the 'yotpo_conversion' element cannot be added as child to 'order.success.additional.info', because the latter doesn't exist [] []
[2016-06-30 06:38:37] main.CRITICAL: Broken reference: the 'bottomline' tries to reorder itself towards 'product.info.addto', but their parents are different: 'product.info.main' and '' respectively. [] []
[2016-06-30 06:44:46] main.INFO: Cache file with merged layout: LAYOUT_frontend_STORE1_4a69fc3348bccf3161d216e06e4a724cc and handles default, catalog_category_view, catalog_category_view_type_layered, catalog_category_view_id_3: Please correct the XML data and try again.  [] []
[2016-06-30 06:44:46] main.INFO: Cache file with merged layout: LAYOUT_frontend_STORE1_4a7ccd8094436548b564a588f6303121c and handles 2columns-left: Please correct the XML data and try again.  [] []
[2016-06-30 06:44:46] main.CRITICAL: Broken reference: the 'bottomline' element cannot be added as child to 'product.info.main', because the latter doesn't exist [] []
[2016-06-30 06:44:46] main.CRITICAL: Broken reference: the 'yotpo_conversion' element cannot be added as child to 'order.success.additional.info', because the latter doesn't exist [] []
[2016-06-30 06:44:46] main.CRITICAL: Broken reference: the 'bottomline' tries to reorder itself towards 'product.info.addto', but their parents are different: 'product.info.main' and '' respectively. [] []
[2016-06-30 06:44:46] main.INFO: Cache file with merged layout: LAYOUT_frontend_STORE1_46f1b068ec7ccf4878f9284dd1137afd1 and handles catalog_product_prices: Please correct the XML data and try again.  [] []
[2016-06-30 06:44:47] main.INFO: Cache file with merged layout: LAYOUT_frontend_STORE1_464f7cbd6294e40256ecc52fd4711dd60 and handles default, cms_noroute_index, cms_page_view, cms_noroute_index_id_no-route: Please correct the XML data and try again.  [] []
[2016-06-30 06:44:47] main.INFO: Cache file with merged layout: LAYOUT_frontend_STORE1_4c6690f29cb80c2b881a7311e8632bc3e and handles 2columns-right: Please correct the XML data and try again.  [] []
[2016-06-30 06:44:47] main.CRITICAL: Broken reference: the 'bottomline' element cannot be added as child to 'product.info.main', because the latter doesn't exist [] []
[2016-06-30 06:44:47] main.CRITICAL: Broken reference: the 'yotpo_conversion' element cannot be added as child to 'order.success.additional.info', because the latter doesn't exist [] []
[2016-06-30 06:44:47] main.CRITICAL: Broken reference: the 'bottomline' tries to reorder itself towards 'product.info.addto', but their parents are different: 'product.info.main' and '' respectively. [] []
[2016-06-30 06:45:41] main.CRITICAL: Broken reference: the 'bottomline' element cannot be added as child to 'product.info.main', because the latter doesn't exist [] []
[2016-06-30 06:45:41] main.CRITICAL: Broken reference: the 'yotpo_conversion' element cannot be added as child to 'order.success.additional.info', because the latter doesn't exist [] []
[2016-06-30 06:45:41] main.CRITICAL: Broken reference: the 'bottomline' tries to reorder itself towards 'product.info.addto', but their parents are different: 'product.info.main' and '' respectively. [] []
[2016-06-30 06:47:32] main.CRITICAL: Broken reference: the 'bottomline' element cannot be added as child to 'product.info.main', because the latter doesn't exist [] []
[2016-06-30 06:47:32] main.CRITICAL: Broken reference: the 'yotpo_conversion' element cannot be added as child to 'order.success.additional.info', because the latter doesn't exist [] []
[2016-06-30 06:47:32] main.CRITICAL: Broken reference: the 'bottomline' tries to reorder itself towards 'product.info.addto', but their parents are different: 'product.info.main' and '' respectively. [] []
[2016-06-30 06:47:36] main.CRITICAL: Broken reference: the 'bottomline' element cannot be added as child to 'product.info.main', because the latter doesn't exist [] []
[2016-06-30 06:47:36] main.CRITICAL: Broken reference: the 'yotpo_conversion' element cannot be added as child to 'order.success.additional.info', because the latter doesn't exist [] []
[2016-06-30 06:47:36] main.CRITICAL: Broken reference: the 'bottomline' tries to reorder itself towards 'product.info.addto', but their parents are different: 'product.info.main' and '' respectively. [] []
[2016-06-30 06:56:10] main.CRITICAL: Broken reference: the 'bottomline' element cannot be added as child to 'product.info.main', because the latter doesn't exist [] []
[2016-06-30 06:56:10] main.CRITICAL: Broken reference: the 'yotpo_conversion' element cannot be added as child to 'order.success.additional.info', because the latter doesn't exist [] []
[2016-06-30 06:56:10] main.CRITICAL: Broken reference: the 'bottomline' tries to reorder itself towards 'product.info.addto', but their parents are different: 'product.info.main' and '' respectively. [] []
[2016-06-30 07:02:25] main.CRITICAL: Broken reference: the 'bottomline' element cannot be added as child to 'product.info.main', because the latter doesn't exist [] []
[2016-06-30 07:02:25] main.CRITICAL: Broken reference: the 'yotpo_conversion' element cannot be added as child to 'order.success.additional.info', because the latter doesn't exist [] []
[2016-06-30 07:02:25] main.CRITICAL: Broken reference: the 'bottomline' tries to reorder itself towards 'product.info.addto', but their parents are different: 'product.info.main' and '' respectively. [] []
[2016-06-30 07:04:23] main.CRITICAL: Broken reference: the 'bottomline' element cannot be added as child to 'product.info.main', because the latter doesn't exist [] []
[2016-06-30 07:04:23] main.CRITICAL: Broken reference: the 'yotpo_conversion' element cannot be added as child to 'order.success.additional.info', because the latter doesn't exist [] []
[2016-06-30 07:04:23] main.CRITICAL: Broken reference: the 'bottomline' tries to reorder itself towards 'product.info.addto', but their parents are different: 'product.info.main' and '' respectively. [] []
[2016-06-30 07:04:27] main.CRITICAL: Broken reference: the 'bottomline' element cannot be added as child to 'product.info.main', because the latter doesn't exist [] []
[2016-06-30 07:04:27] main.CRITICAL: Broken reference: the 'yotpo_conversion' element cannot be added as child to 'order.success.additional.info', because the latter doesn't exist [] []
[2016-06-30 07:04:27] main.CRITICAL: Broken reference: the 'bottomline' tries to reorder itself towards 'product.info.addto', but their parents are different: 'product.info.main' and '' respectively. [] []
[2016-06-30 07:08:53] main.CRITICAL: Broken reference: the 'bottomline' element cannot be added as child to 'product.info.main', because the latter doesn't exist [] []
[2016-06-30 07:08:53] main.CRITICAL: Broken reference: the 'yotpo_conversion' element cannot be added as child to 'order.success.additional.info', because the latter doesn't exist [] []
[2016-06-30 07:08:53] main.CRITICAL: Broken reference: the 'bottomline' tries to reorder itself towards 'product.info.addto', but their parents are different: 'product.info.main' and '' respectively. [] []
[2016-06-30 07:09:09] main.INFO: Cache file with merged layout: LAYOUT_frontend_STORE1_4a69fc3348bccf3161d216e06e4a724cc and handles default, catalog_category_view, catalog_category_view_type_layered, catalog_category_view_id_3: Please correct the XML data and try again.  [] []
[2016-06-30 07:09:09] main.INFO: Cache file with merged layout: LAYOUT_frontend_STORE1_4a7ccd8094436548b564a588f6303121c and handles 2columns-left: Please correct the XML data and try again.  [] []
[2016-06-30 07:09:09] main.CRITICAL: Broken reference: the 'bottomline' element cannot be added as child to 'product.info.main', because the latter doesn't exist [] []
[2016-06-30 07:09:09] main.CRITICAL: Broken reference: the 'yotpo_conversion' element cannot be added as child to 'order.success.additional.info', because the latter doesn't exist [] []
[2016-06-30 07:09:09] main.CRITICAL: Broken reference: the 'bottomline' tries to reorder itself towards 'product.info.addto', but their parents are different: 'product.info.main' and '' respectively. [] []
[2016-06-30 07:09:09] main.INFO: Cache file with merged layout: LAYOUT_frontend_STORE1_46f1b068ec7ccf4878f9284dd1137afd1 and handles catalog_product_prices: Please correct the XML data and try again.  [] []
[2016-06-30 07:09:40] main.INFO: Cache file with merged layout: LAYOUT_frontend_STORE1_4a69fc3348bccf3161d216e06e4a724cc and handles default, catalog_category_view, catalog_category_view_type_layered, catalog_category_view_id_3: Please correct the XML data and try again.  [] []
[2016-06-30 07:09:40] main.INFO: Cache file with merged layout: LAYOUT_frontend_STORE1_4a7ccd8094436548b564a588f6303121c and handles 2columns-left: Please correct the XML data and try again.  [] []
[2016-06-30 07:09:40] main.CRITICAL: Broken reference: the 'bottomline' element cannot be added as child to 'product.info.main', because the latter doesn't exist [] []
[2016-06-30 07:09:40] main.CRITICAL: Broken reference: the 'yotpo_conversion' element cannot be added as child to 'order.success.additional.info', because the latter doesn't exist [] []
[2016-06-30 07:09:40] main.CRITICAL: Broken reference: the 'bottomline' tries to reorder itself towards 'product.info.addto', but their parents are different: 'product.info.main' and '' respectively. [] []
[2016-06-30 07:09:40] main.INFO: Cache file with merged layout: LAYOUT_frontend_STORE1_46f1b068ec7ccf4878f9284dd1137afd1 and handles catalog_product_prices: Please correct the XML data and try again.  [] []
[2016-06-30 07:11:55] main.CRITICAL: Broken reference: the 'bottomline' element cannot be added as child to 'product.info.main', because the latter doesn't exist [] []
[2016-06-30 07:11:55] main.CRITICAL: Broken reference: the 'yotpo_conversion' element cannot be added as child to 'order.success.additional.info', because the latter doesn't exist [] []
[2016-06-30 07:11:55] main.CRITICAL: Broken reference: the 'bottomline' tries to reorder itself towards 'product.info.addto', but their parents are different: 'product.info.main' and '' respectively. [] []
[2016-06-30 07:11:56] main.INFO: Cache file with merged layout: LAYOUT_frontend_STORE1_4d41d8cd98f00b204e9800998ecf8427e and handles : Please correct the XML data and try again.  [] []
[2016-06-30 07:12:12] main.INFO: Cache file with merged layout: LAYOUT_frontend_STORE1_4a69fc3348bccf3161d216e06e4a724cc and handles default, catalog_category_view, catalog_category_view_type_layered, catalog_category_view_id_3: Please correct the XML data and try again.  [] []
[2016-06-30 07:12:12] main.INFO: Cache file with merged layout: LAYOUT_frontend_STORE1_4a7ccd8094436548b564a588f6303121c and handles 2columns-left: Please correct the XML data and try again.  [] []
[2016-06-30 07:12:12] main.CRITICAL: Broken reference: the 'bottomline' element cannot be added as child to 'product.info.main', because the latter doesn't exist [] []
[2016-06-30 07:12:12] main.CRITICAL: Broken reference: the 'yotpo_conversion' element cannot be added as child to 'order.success.additional.info', because the latter doesn't exist [] []
[2016-06-30 07:12:12] main.CRITICAL: Broken reference: the 'bottomline' tries to reorder itself towards 'product.info.addto', but their parents are different: 'product.info.main' and '' respectively. [] []
[2016-06-30 07:12:12] main.INFO: Cache file with merged layout: LAYOUT_frontend_STORE1_46f1b068ec7ccf4878f9284dd1137afd1 and handles catalog_product_prices: Please correct the XML data and try again.  [] []
[2016-06-30 07:12:14] main.INFO: Cache file with merged layout: LAYOUT_frontend_STORE1_464f7cbd6294e40256ecc52fd4711dd60 and handles default, cms_noroute_index, cms_page_view, cms_noroute_index_id_no-route: Please correct the XML data and try again.  [] []
[2016-06-30 07:12:14] main.INFO: Cache file with merged layout: LAYOUT_frontend_STORE1_4c6690f29cb80c2b881a7311e8632bc3e and handles 2columns-right: Please correct the XML data and try again.  [] []
[2016-06-30 07:12:14] main.CRITICAL: Broken reference: the 'bottomline' element cannot be added as child to 'product.info.main', because the latter doesn't exist [] []
[2016-06-30 07:12:14] main.CRITICAL: Broken reference: the 'yotpo_conversion' element cannot be added as child to 'order.success.additional.info', because the latter doesn't exist [] []
[2016-06-30 07:12:14] main.CRITICAL: Broken reference: the 'bottomline' tries to reorder itself towards 'product.info.addto', but their parents are different: 'product.info.main' and '' respectively. [] []
[2016-06-30 07:12:14] main.INFO: Cache file with merged layout: LAYOUT_frontend_STORE1_46f1b068ec7ccf4878f9284dd1137afd1 and handles catalog_product_prices: Please correct the XML data and try again.  [] []
[2016-06-30 07:12:40] main.INFO: Cache file with merged layout: LAYOUT_frontend_STORE1_4a69fc3348bccf3161d216e06e4a724cc and handles default, catalog_category_view, catalog_category_view_type_layered, catalog_category_view_id_3: Please correct the XML data and try again.  [] []
[2016-06-30 07:12:40] main.INFO: Cache file with merged layout: LAYOUT_frontend_STORE1_4a7ccd8094436548b564a588f6303121c and handles 2columns-left: Please correct the XML data and try again.  [] []
[2016-06-30 07:12:40] main.CRITICAL: Broken reference: the 'bottomline' element cannot be added as child to 'product.info.main', because the latter doesn't exist [] []
[2016-06-30 07:12:40] main.CRITICAL: Broken reference: the 'yotpo_conversion' element cannot be added as child to 'order.success.additional.info', because the latter doesn't exist [] []
[2016-06-30 07:12:40] main.CRITICAL: Broken reference: the 'bottomline' tries to reorder itself towards 'product.info.addto', but their parents are different: 'product.info.main' and '' respectively. [] []
[2016-06-30 07:12:40] main.INFO: Cache file with merged layout: LAYOUT_frontend_STORE1_46f1b068ec7ccf4878f9284dd1137afd1 and handles catalog_product_prices: Please correct the XML data and try again.  [] []
[2016-06-30 07:12:41] main.INFO: Cache file with merged layout: LAYOUT_frontend_STORE1_464f7cbd6294e40256ecc52fd4711dd60 and handles default, cms_noroute_index, cms_page_view, cms_noroute_index_id_no-route: Please correct the XML data and try again.  [] []
[2016-06-30 07:12:41] main.INFO: Cache file with merged layout: LAYOUT_frontend_STORE1_4c6690f29cb80c2b881a7311e8632bc3e and handles 2columns-right: Please correct the XML data and try again.  [] []
[2016-06-30 07:12:41] main.CRITICAL: Broken reference: the 'bottomline' element cannot be added as child to 'product.info.main', because the latter doesn't exist [] []
[2016-06-30 07:12:41] main.CRITICAL: Broken reference: the 'yotpo_conversion' element cannot be added as child to 'order.success.additional.info', because the latter doesn't exist [] []
[2016-06-30 07:12:41] main.CRITICAL: Broken reference: the 'bottomline' tries to reorder itself towards 'product.info.addto', but their parents are different: 'product.info.main' and '' respectively. [] []
[2016-06-30 07:12:41] main.INFO: Cache file with merged layout: LAYOUT_frontend_STORE1_46f1b068ec7ccf4878f9284dd1137afd1 and handles catalog_product_prices: Please correct the XML data and try again.  [] []
[2016-06-30 07:13:08] main.INFO: Cache file with merged layout: LAYOUT_frontend_STORE1_4a69fc3348bccf3161d216e06e4a724cc and handles default, catalog_category_view, catalog_category_view_type_layered, catalog_category_view_id_3: Please correct the XML data and try again.  [] []
[2016-06-30 07:13:08] main.INFO: Cache file with merged layout: LAYOUT_frontend_STORE1_4a7ccd8094436548b564a588f6303121c and handles 2columns-left: Please correct the XML data and try again.  [] []
[2016-06-30 07:13:08] main.CRITICAL: Broken reference: the 'bottomline' element cannot be added as child to 'product.info.main', because the latter doesn't exist [] []
[2016-06-30 07:13:08] main.CRITICAL: Broken reference: the 'yotpo_conversion' element cannot be added as child to 'order.success.additional.info', because the latter doesn't exist [] []
[2016-06-30 07:13:08] main.CRITICAL: Broken reference: the 'bottomline' tries to reorder itself towards 'product.info.addto', but their parents are different: 'product.info.main' and '' respectively. [] []
[2016-06-30 07:13:08] main.INFO: Cache file with merged layout: LAYOUT_frontend_STORE1_46f1b068ec7ccf4878f9284dd1137afd1 and handles catalog_product_prices: Please correct the XML data and try again.  [] []
[2016-06-30 07:13:10] main.INFO: Cache file with merged layout: LAYOUT_frontend_STORE1_464f7cbd6294e40256ecc52fd4711dd60 and handles default, cms_noroute_index, cms_page_view, cms_noroute_index_id_no-route: Please correct the XML data and try again.  [] []
[2016-06-30 07:13:10] main.INFO: Cache file with merged layout: LAYOUT_frontend_STORE1_4c6690f29cb80c2b881a7311e8632bc3e and handles 2columns-right: Please correct the XML data and try again.  [] []
[2016-06-30 07:13:10] main.CRITICAL: Broken reference: the 'bottomline' element cannot be added as child to 'product.info.main', because the latter doesn't exist [] []
[2016-06-30 07:13:10] main.CRITICAL: Broken reference: the 'yotpo_conversion' element cannot be added as child to 'order.success.additional.info', because the latter doesn't exist [] []
[2016-06-30 07:13:10] main.CRITICAL: Broken reference: the 'bottomline' tries to reorder itself towards 'product.info.addto', but their parents are different: 'product.info.main' and '' respectively. [] []
[2016-06-30 07:13:10] main.INFO: Cache file with merged layout: LAYOUT_frontend_STORE1_46f1b068ec7ccf4878f9284dd1137afd1 and handles catalog_product_prices: Please correct the XML data and try again.  [] []
[2016-06-30 07:13:27] main.INFO: Cache file with merged layout: LAYOUT_frontend_STORE1_4a69fc3348bccf3161d216e06e4a724cc and handles default, catalog_category_view, catalog_category_view_type_layered, catalog_category_view_id_3: Please correct the XML data and try again.  [] []
[2016-06-30 07:13:27] main.INFO: Cache file with merged layout: LAYOUT_frontend_STORE1_4a7ccd8094436548b564a588f6303121c and handles 2columns-left: Please correct the XML data and try again.  [] []
[2016-06-30 07:13:27] main.CRITICAL: Broken reference: the 'bottomline' element cannot be added as child to 'product.info.main', because the latter doesn't exist [] []
[2016-06-30 07:13:27] main.CRITICAL: Broken reference: the 'yotpo_conversion' element cannot be added as child to 'order.success.additional.info', because the latter doesn't exist [] []
[2016-06-30 07:13:27] main.CRITICAL: Broken reference: the 'bottomline' tries to reorder itself towards 'product.info.addto', but their parents are different: 'product.info.main' and '' respectively. [] []
[2016-06-30 07:13:27] main.INFO: Cache file with merged layout: LAYOUT_frontend_STORE1_46f1b068ec7ccf4878f9284dd1137afd1 and handles catalog_product_prices: Please correct the XML data and try again.  [] []
[2016-06-30 07:13:28] main.INFO: Cache file with merged layout: LAYOUT_frontend_STORE1_464f7cbd6294e40256ecc52fd4711dd60 and handles default, cms_noroute_index, cms_page_view, cms_noroute_index_id_no-route: Please correct the XML data and try again.  [] []
[2016-06-30 07:13:28] main.INFO: Cache file with merged layout: LAYOUT_frontend_STORE1_4c6690f29cb80c2b881a7311e8632bc3e and handles 2columns-right: Please correct the XML data and try again.  [] []
[2016-06-30 07:13:28] main.CRITICAL: Broken reference: the 'bottomline' element cannot be added as child to 'product.info.main', because the latter doesn't exist [] []
[2016-06-30 07:13:28] main.CRITICAL: Broken reference: the 'yotpo_conversion' element cannot be added as child to 'order.success.additional.info', because the latter doesn't exist [] []
[2016-06-30 07:13:28] main.CRITICAL: Broken reference: the 'bottomline' tries to reorder itself towards 'product.info.addto', but their parents are different: 'product.info.main' and '' respectively. [] []
[2016-06-30 07:13:28] main.INFO: Cache file with merged layout: LAYOUT_frontend_STORE1_46f1b068ec7ccf4878f9284dd1137afd1 and handles catalog_product_prices: Please correct the XML data and try again.  [] []
[2016-06-30 07:14:24] main.INFO: Cache file with merged layout: LAYOUT_frontend_STORE1_4a69fc3348bccf3161d216e06e4a724cc and handles default, catalog_category_view, catalog_category_view_type_layered, catalog_category_view_id_3: Please correct the XML data and try again.  [] []
[2016-06-30 07:14:24] main.INFO: Cache file with merged layout: LAYOUT_frontend_STORE1_4a7ccd8094436548b564a588f6303121c and handles 2columns-left: Please correct the XML data and try again.  [] []
[2016-06-30 07:14:24] main.CRITICAL: Broken reference: the 'bottomline' element cannot be added as child to 'product.info.main', because the latter doesn't exist [] []
[2016-06-30 07:14:24] main.CRITICAL: Broken reference: the 'yotpo_conversion' element cannot be added as child to 'order.success.additional.info', because the latter doesn't exist [] []
[2016-06-30 07:14:24] main.CRITICAL: Broken reference: the 'bottomline' tries to reorder itself towards 'product.info.addto', but their parents are different: 'product.info.main' and '' respectively. [] []
[2016-06-30 07:14:24] main.INFO: Cache file with merged layout: LAYOUT_frontend_STORE1_46f1b068ec7ccf4878f9284dd1137afd1 and handles catalog_product_prices: Please correct the XML data and try again.  [] []
[2016-06-30 07:14:26] main.INFO: Cache file with merged layout: LAYOUT_frontend_STORE1_464f7cbd6294e40256ecc52fd4711dd60 and handles default, cms_noroute_index, cms_page_view, cms_noroute_index_id_no-route: Please correct the XML data and try again.  [] []
[2016-06-30 07:14:26] main.INFO: Cache file with merged layout: LAYOUT_frontend_STORE1_4c6690f29cb80c2b881a7311e8632bc3e and handles 2columns-right: Please correct the XML data and try again.  [] []
[2016-06-30 07:14:26] main.CRITICAL: Broken reference: the 'bottomline' element cannot be added as child to 'product.info.main', because the latter doesn't exist [] []
[2016-06-30 07:14:26] main.CRITICAL: Broken reference: the 'yotpo_conversion' element cannot be added as child to 'order.success.additional.info', because the latter doesn't exist [] []
[2016-06-30 07:14:26] main.CRITICAL: Broken reference: the 'bottomline' tries to reorder itself towards 'product.info.addto', but their parents are different: 'product.info.main' and '' respectively. [] []
[2016-06-30 07:14:26] main.INFO: Cache file with merged layout: LAYOUT_frontend_STORE1_46f1b068ec7ccf4878f9284dd1137afd1 and handles catalog_product_prices: Please correct the XML data and try again.  [] []
[2016-06-30 07:14:57] main.INFO: Cache file with merged layout: LAYOUT_frontend_STORE1_4a69fc3348bccf3161d216e06e4a724cc and handles default, catalog_category_view, catalog_category_view_type_layered, catalog_category_view_id_3: Please correct the XML data and try again.  [] []
[2016-06-30 07:14:57] main.INFO: Cache file with merged layout: LAYOUT_frontend_STORE1_4a7ccd8094436548b564a588f6303121c and handles 2columns-left: Please correct the XML data and try again.  [] []
[2016-06-30 07:14:57] main.CRITICAL: Broken reference: the 'bottomline' element cannot be added as child to 'product.info.main', because the latter doesn't exist [] []
[2016-06-30 07:14:57] main.CRITICAL: Broken reference: the 'yotpo_conversion' element cannot be added as child to 'order.success.additional.info', because the latter doesn't exist [] []
[2016-06-30 07:14:57] main.CRITICAL: Broken reference: the 'bottomline' tries to reorder itself towards 'product.info.addto', but their parents are different: 'product.info.main' and '' respectively. [] []
[2016-06-30 07:14:57] main.INFO: Cache file with merged layout: LAYOUT_frontend_STORE1_46f1b068ec7ccf4878f9284dd1137afd1 and handles catalog_product_prices: Please correct the XML data and try again.  [] []
[2016-06-30 07:14:58] main.INFO: Cache file with merged layout: LAYOUT_frontend_STORE1_464f7cbd6294e40256ecc52fd4711dd60 and handles default, cms_noroute_index, cms_page_view, cms_noroute_index_id_no-route: Please correct the XML data and try again.  [] []
[2016-06-30 07:14:58] main.INFO: Cache file with merged layout: LAYOUT_frontend_STORE1_4c6690f29cb80c2b881a7311e8632bc3e and handles 2columns-right: Please correct the XML data and try again.  [] []
[2016-06-30 07:14:58] main.CRITICAL: Broken reference: the 'bottomline' element cannot be added as child to 'product.info.main', because the latter doesn't exist [] []
[2016-06-30 07:14:58] main.CRITICAL: Broken reference: the 'yotpo_conversion' element cannot be added as child to 'order.success.additional.info', because the latter doesn't exist [] []
[2016-06-30 07:14:58] main.CRITICAL: Broken reference: the 'bottomline' tries to reorder itself towards 'product.info.addto', but their parents are different: 'product.info.main' and '' respectively. [] []
[2016-06-30 07:14:58] main.INFO: Cache file with merged layout: LAYOUT_frontend_STORE1_46f1b068ec7ccf4878f9284dd1137afd1 and handles catalog_product_prices: Please correct the XML data and try again.  [] []
[2016-06-30 07:17:35] main.INFO: Cache file with merged layout: LAYOUT_frontend_STORE1_4a69fc3348bccf3161d216e06e4a724cc and handles default, catalog_category_view, catalog_category_view_type_layered, catalog_category_view_id_3: Please correct the XML data and try again.  [] []
[2016-06-30 07:17:35] main.INFO: Cache file with merged layout: LAYOUT_frontend_STORE1_4a7ccd8094436548b564a588f6303121c and handles 2columns-left: Please correct the XML data and try again.  [] []
[2016-06-30 07:17:35] main.CRITICAL: Broken reference: the 'bottomline' element cannot be added as child to 'product.info.main', because the latter doesn't exist [] []
[2016-06-30 07:17:35] main.CRITICAL: Broken reference: the 'yotpo_conversion' element cannot be added as child to 'order.success.additional.info', because the latter doesn't exist [] []
[2016-06-30 07:17:35] main.CRITICAL: Broken reference: the 'bottomline' tries to reorder itself towards 'product.info.addto', but their parents are different: 'product.info.main' and '' respectively. [] []
[2016-06-30 07:17:35] main.INFO: Cache file with merged layout: LAYOUT_frontend_STORE1_46f1b068ec7ccf4878f9284dd1137afd1 and handles catalog_product_prices: Please correct the XML data and try again.  [] []
[2016-06-30 07:17:37] main.INFO: Cache file with merged layout: LAYOUT_frontend_STORE1_464f7cbd6294e40256ecc52fd4711dd60 and handles default, cms_noroute_index, cms_page_view, cms_noroute_index_id_no-route: Please correct the XML data and try again.  [] []
[2016-06-30 07:17:37] main.INFO: Cache file with merged layout: LAYOUT_frontend_STORE1_4c6690f29cb80c2b881a7311e8632bc3e and handles 2columns-right: Please correct the XML data and try again.  [] []
[2016-06-30 07:17:37] main.CRITICAL: Broken reference: the 'bottomline' element cannot be added as child to 'product.info.main', because the latter doesn't exist [] []
[2016-06-30 07:17:37] main.CRITICAL: Broken reference: the 'yotpo_conversion' element cannot be added as child to 'order.success.additional.info', because the latter doesn't exist [] []
[2016-06-30 07:17:37] main.CRITICAL: Broken reference: the 'bottomline' tries to reorder itself towards 'product.info.addto', but their parents are different: 'product.info.main' and '' respectively. [] []
[2016-06-30 07:17:37] main.INFO: Cache file with merged layout: LAYOUT_frontend_STORE1_46f1b068ec7ccf4878f9284dd1137afd1 and handles catalog_product_prices: Please correct the XML data and try again.  [] []
[2016-06-30 07:17:41] main.INFO: Cache file with merged layout: LAYOUT_frontend_STORE1_4a69fc3348bccf3161d216e06e4a724cc and handles default, catalog_category_view, catalog_category_view_type_layered, catalog_category_view_id_3: Please correct the XML data and try again.  [] []
[2016-06-30 07:17:41] main.INFO: Cache file with merged layout: LAYOUT_frontend_STORE1_4a7ccd8094436548b564a588f6303121c and handles 2columns-left: Please correct the XML data and try again.  [] []
[2016-06-30 07:17:41] main.CRITICAL: Broken reference: the 'bottomline' element cannot be added as child to 'product.info.main', because the latter doesn't exist [] []
[2016-06-30 07:17:41] main.CRITICAL: Broken reference: the 'yotpo_conversion' element cannot be added as child to 'order.success.additional.info', because the latter doesn't exist [] []
[2016-06-30 07:17:41] main.CRITICAL: Broken reference: the 'bottomline' tries to reorder itself towards 'product.info.addto', but their parents are different: 'product.info.main' and '' respectively. [] []
[2016-06-30 07:17:41] main.INFO: Cache file with merged layout: LAYOUT_frontend_STORE1_46f1b068ec7ccf4878f9284dd1137afd1 and handles catalog_product_prices: Please correct the XML data and try again.  [] []
[2016-06-30 07:17:42] main.INFO: Cache file with merged layout: LAYOUT_frontend_STORE1_464f7cbd6294e40256ecc52fd4711dd60 and handles default, cms_noroute_index, cms_page_view, cms_noroute_index_id_no-route: Please correct the XML data and try again.  [] []
[2016-06-30 07:17:42] main.INFO: Cache file with merged layout: LAYOUT_frontend_STORE1_4c6690f29cb80c2b881a7311e8632bc3e and handles 2columns-right: Please correct the XML data and try again.  [] []
[2016-06-30 07:17:42] main.CRITICAL: Broken reference: the 'bottomline' element cannot be added as child to 'product.info.main', because the latter doesn't exist [] []
[2016-06-30 07:17:42] main.CRITICAL: Broken reference: the 'yotpo_conversion' element cannot be added as child to 'order.success.additional.info', because the latter doesn't exist [] []
[2016-06-30 07:17:42] main.CRITICAL: Broken reference: the 'bottomline' tries to reorder itself towards 'product.info.addto', but their parents are different: 'product.info.main' and '' respectively. [] []
[2016-06-30 07:17:42] main.INFO: Cache file with merged layout: LAYOUT_frontend_STORE1_46f1b068ec7ccf4878f9284dd1137afd1 and handles catalog_product_prices: Please correct the XML data and try again.  [] []
[2016-06-30 07:18:12] main.INFO: Cache file with merged layout: LAYOUT_frontend_STORE1_4a69fc3348bccf3161d216e06e4a724cc and handles default, catalog_category_view, catalog_category_view_type_layered, catalog_category_view_id_3: Please correct the XML data and try again.  [] []
[2016-06-30 07:18:12] main.INFO: Cache file with merged layout: LAYOUT_frontend_STORE1_4a7ccd8094436548b564a588f6303121c and handles 2columns-left: Please correct the XML data and try again.  [] []
[2016-06-30 07:18:12] main.CRITICAL: Broken reference: the 'bottomline' element cannot be added as child to 'product.info.main', because the latter doesn't exist [] []
[2016-06-30 07:18:12] main.CRITICAL: Broken reference: the 'yotpo_conversion' element cannot be added as child to 'order.success.additional.info', because the latter doesn't exist [] []
[2016-06-30 07:18:12] main.CRITICAL: Broken reference: the 'bottomline' tries to reorder itself towards 'product.info.addto', but their parents are different: 'product.info.main' and '' respectively. [] []
[2016-06-30 07:18:12] main.INFO: Cache file with merged layout: LAYOUT_frontend_STORE1_46f1b068ec7ccf4878f9284dd1137afd1 and handles catalog_product_prices: Please correct the XML data and try again.  [] []
[2016-06-30 07:18:14] main.INFO: Cache file with merged layout: LAYOUT_frontend_STORE1_464f7cbd6294e40256ecc52fd4711dd60 and handles default, cms_noroute_index, cms_page_view, cms_noroute_index_id_no-route: Please correct the XML data and try again.  [] []
[2016-06-30 07:18:14] main.INFO: Cache file with merged layout: LAYOUT_frontend_STORE1_4c6690f29cb80c2b881a7311e8632bc3e and handles 2columns-right: Please correct the XML data and try again.  [] []
[2016-06-30 07:18:14] main.CRITICAL: Broken reference: the 'bottomline' element cannot be added as child to 'product.info.main', because the latter doesn't exist [] []
[2016-06-30 07:18:14] main.CRITICAL: Broken reference: the 'yotpo_conversion' element cannot be added as child to 'order.success.additional.info', because the latter doesn't exist [] []
[2016-06-30 07:18:14] main.CRITICAL: Broken reference: the 'bottomline' tries to reorder itself towards 'product.info.addto', but their parents are different: 'product.info.main' and '' respectively. [] []
[2016-06-30 07:18:14] main.INFO: Cache file with merged layout: LAYOUT_frontend_STORE1_46f1b068ec7ccf4878f9284dd1137afd1 and handles catalog_product_prices: Please correct the XML data and try again.  [] []
[2016-06-30 07:19:43] main.INFO: Cache file with merged layout: LAYOUT_frontend_STORE1_4a69fc3348bccf3161d216e06e4a724cc and handles default, catalog_category_view, catalog_category_view_type_layered, catalog_category_view_id_3: Please correct the XML data and try again.  [] []
[2016-06-30 07:19:43] main.INFO: Cache file with merged layout: LAYOUT_frontend_STORE1_4a7ccd8094436548b564a588f6303121c and handles 2columns-left: Please correct the XML data and try again.  [] []
[2016-06-30 07:19:43] main.CRITICAL: Broken reference: the 'bottomline' element cannot be added as child to 'product.info.main', because the latter doesn't exist [] []
[2016-06-30 07:19:43] main.CRITICAL: Broken reference: the 'yotpo_conversion' element cannot be added as child to 'order.success.additional.info', because the latter doesn't exist [] []
[2016-06-30 07:19:43] main.CRITICAL: Broken reference: the 'bottomline' tries to reorder itself towards 'product.info.addto', but their parents are different: 'product.info.main' and '' respectively. [] []
[2016-06-30 07:19:43] main.INFO: Cache file with merged layout: LAYOUT_frontend_STORE1_46f1b068ec7ccf4878f9284dd1137afd1 and handles catalog_product_prices: Please correct the XML data and try again.  [] []
[2016-06-30 07:20:49] main.INFO: Cache file with merged layout: LAYOUT_frontend_STORE1_4a69fc3348bccf3161d216e06e4a724cc and handles default, catalog_category_view, catalog_category_view_type_layered, catalog_category_view_id_3: Please correct the XML data and try again.  [] []
[2016-06-30 07:20:49] main.INFO: Cache file with merged layout: LAYOUT_frontend_STORE1_4a7ccd8094436548b564a588f6303121c and handles 2columns-left: Please correct the XML data and try again.  [] []
[2016-06-30 07:20:49] main.CRITICAL: Broken reference: the 'bottomline' element cannot be added as child to 'product.info.main', because the latter doesn't exist [] []
[2016-06-30 07:20:49] main.CRITICAL: Broken reference: the 'yotpo_conversion' element cannot be added as child to 'order.success.additional.info', because the latter doesn't exist [] []
[2016-06-30 07:20:49] main.CRITICAL: Broken reference: the 'bottomline' tries to reorder itself towards 'product.info.addto', but their parents are different: 'product.info.main' and '' respectively. [] []
[2016-06-30 07:20:49] main.INFO: Cache file with merged layout: LAYOUT_frontend_STORE1_46f1b068ec7ccf4878f9284dd1137afd1 and handles catalog_product_prices: Please correct the XML data and try again.  [] []
[2016-06-30 07:21:49] main.INFO: Cache file with merged layout: LAYOUT_frontend_STORE1_4a69fc3348bccf3161d216e06e4a724cc and handles default, catalog_category_view, catalog_category_view_type_layered, catalog_category_view_id_3: Please correct the XML data and try again.  [] []
[2016-06-30 07:21:49] main.INFO: Cache file with merged layout: LAYOUT_frontend_STORE1_4a7ccd8094436548b564a588f6303121c and handles 2columns-left: Please correct the XML data and try again.  [] []
[2016-06-30 07:21:49] main.CRITICAL: Broken reference: the 'bottomline' element cannot be added as child to 'product.info.main', because the latter doesn't exist [] []
[2016-06-30 07:21:49] main.CRITICAL: Broken reference: the 'yotpo_conversion' element cannot be added as child to 'order.success.additional.info', because the latter doesn't exist [] []
[2016-06-30 07:21:49] main.CRITICAL: Broken reference: the 'bottomline' tries to reorder itself towards 'product.info.addto', but their parents are different: 'product.info.main' and '' respectively. [] []
[2016-06-30 07:21:49] main.INFO: Cache file with merged layout: LAYOUT_frontend_STORE1_46f1b068ec7ccf4878f9284dd1137afd1 and handles catalog_product_prices: Please correct the XML data and try again.  [] []
[2016-06-30 07:23:29] main.INFO: Cache file with merged layout: LAYOUT_frontend_STORE1_4a69fc3348bccf3161d216e06e4a724cc and handles default, catalog_category_view, catalog_category_view_type_layered, catalog_category_view_id_3: Please correct the XML data and try again.  [] []
[2016-06-30 07:23:29] main.INFO: Cache file with merged layout: LAYOUT_frontend_STORE1_4a7ccd8094436548b564a588f6303121c and handles 2columns-left: Please correct the XML data and try again.  [] []
[2016-06-30 07:23:29] main.CRITICAL: Broken reference: the 'bottomline' element cannot be added as child to 'product.info.main', because the latter doesn't exist [] []
[2016-06-30 07:23:29] main.CRITICAL: Broken reference: the 'yotpo_conversion' element cannot be added as child to 'order.success.additional.info', because the latter doesn't exist [] []
[2016-06-30 07:23:29] main.CRITICAL: Broken reference: the 'bottomline' tries to reorder itself towards 'product.info.addto', but their parents are different: 'product.info.main' and '' respectively. [] []
[2016-06-30 07:23:29] main.INFO: Cache file with merged layout: LAYOUT_frontend_STORE1_46f1b068ec7ccf4878f9284dd1137afd1 and handles catalog_product_prices: Please correct the XML data and try again.  [] []
[2016-06-30 07:23:31] main.INFO: Cache file with merged layout: LAYOUT_frontend_STORE1_464f7cbd6294e40256ecc52fd4711dd60 and handles default, cms_noroute_index, cms_page_view, cms_noroute_index_id_no-route: Please correct the XML data and try again.  [] []
[2016-06-30 07:23:31] main.INFO: Cache file with merged layout: LAYOUT_frontend_STORE1_4c6690f29cb80c2b881a7311e8632bc3e and handles 2columns-right: Please correct the XML data and try again.  [] []
[2016-06-30 07:23:31] main.CRITICAL: Broken reference: the 'bottomline' element cannot be added as child to 'product.info.main', because the latter doesn't exist [] []
[2016-06-30 07:23:31] main.CRITICAL: Broken reference: the 'yotpo_conversion' element cannot be added as child to 'order.success.additional.info', because the latter doesn't exist [] []
[2016-06-30 07:23:31] main.CRITICAL: Broken reference: the 'bottomline' tries to reorder itself towards 'product.info.addto', but their parents are different: 'product.info.main' and '' respectively. [] []
[2016-06-30 07:23:31] main.INFO: Cache file with merged layout: LAYOUT_frontend_STORE1_46f1b068ec7ccf4878f9284dd1137afd1 and handles catalog_product_prices: Please correct the XML data and try again.  [] []
[2016-06-30 07:23:59] main.INFO: Cache file with merged layout: LAYOUT_frontend_STORE1_4a69fc3348bccf3161d216e06e4a724cc and handles default, catalog_category_view, catalog_category_view_type_layered, catalog_category_view_id_3: Please correct the XML data and try again.  [] []
[2016-06-30 07:23:59] main.INFO: Cache file with merged layout: LAYOUT_frontend_STORE1_4a7ccd8094436548b564a588f6303121c and handles 2columns-left: Please correct the XML data and try again.  [] []
[2016-06-30 07:23:59] main.CRITICAL: Broken reference: the 'bottomline' element cannot be added as child to 'product.info.main', because the latter doesn't exist [] []
[2016-06-30 07:23:59] main.CRITICAL: Broken reference: the 'yotpo_conversion' element cannot be added as child to 'order.success.additional.info', because the latter doesn't exist [] []
[2016-06-30 07:23:59] main.CRITICAL: Broken reference: the 'bottomline' tries to reorder itself towards 'product.info.addto', but their parents are different: 'product.info.main' and '' respectively. [] []
[2016-06-30 07:23:59] main.INFO: Cache file with merged layout: LAYOUT_frontend_STORE1_46f1b068ec7ccf4878f9284dd1137afd1 and handles catalog_product_prices: Please correct the XML data and try again.  [] []
[2016-06-30 07:24:00] main.INFO: Cache file with merged layout: LAYOUT_frontend_STORE1_464f7cbd6294e40256ecc52fd4711dd60 and handles default, cms_noroute_index, cms_page_view, cms_noroute_index_id_no-route: Please correct the XML data and try again.  [] []
[2016-06-30 07:24:00] main.INFO: Cache file with merged layout: LAYOUT_frontend_STORE1_4c6690f29cb80c2b881a7311e8632bc3e and handles 2columns-right: Please correct the XML data and try again.  [] []
[2016-06-30 07:24:00] main.CRITICAL: Broken reference: the 'bottomline' element cannot be added as child to 'product.info.main', because the latter doesn't exist [] []
[2016-06-30 07:24:00] main.CRITICAL: Broken reference: the 'yotpo_conversion' element cannot be added as child to 'order.success.additional.info', because the latter doesn't exist [] []
[2016-06-30 07:24:00] main.CRITICAL: Broken reference: the 'bottomline' tries to reorder itself towards 'product.info.addto', but their parents are different: 'product.info.main' and '' respectively. [] []
[2016-06-30 07:24:00] main.INFO: Cache file with merged layout: LAYOUT_frontend_STORE1_46f1b068ec7ccf4878f9284dd1137afd1 and handles catalog_product_prices: Please correct the XML data and try again.  [] []
[2016-06-30 07:24:06] main.INFO: Cache file with merged layout: LAYOUT_frontend_STORE1_4a69fc3348bccf3161d216e06e4a724cc and handles default, catalog_category_view, catalog_category_view_type_layered, catalog_category_view_id_3: Please correct the XML data and try again.  [] []
[2016-06-30 07:24:06] main.INFO: Cache file with merged layout: LAYOUT_frontend_STORE1_4a7ccd8094436548b564a588f6303121c and handles 2columns-left: Please correct the XML data and try again.  [] []
[2016-06-30 07:24:06] main.CRITICAL: Broken reference: the 'bottomline' element cannot be added as child to 'product.info.main', because the latter doesn't exist [] []
[2016-06-30 07:24:06] main.CRITICAL: Broken reference: the 'yotpo_conversion' element cannot be added as child to 'order.success.additional.info', because the latter doesn't exist [] []
[2016-06-30 07:24:06] main.CRITICAL: Broken reference: the 'bottomline' tries to reorder itself towards 'product.info.addto', but their parents are different: 'product.info.main' and '' respectively. [] []
[2016-06-30 07:24:06] main.INFO: Cache file with merged layout: LAYOUT_frontend_STORE1_46f1b068ec7ccf4878f9284dd1137afd1 and handles catalog_product_prices: Please correct the XML data and try again.  [] []
[2016-06-30 07:24:07] main.INFO: Cache file with merged layout: LAYOUT_frontend_STORE1_464f7cbd6294e40256ecc52fd4711dd60 and handles default, cms_noroute_index, cms_page_view, cms_noroute_index_id_no-route: Please correct the XML data and try again.  [] []
[2016-06-30 07:24:07] main.INFO: Cache file with merged layout: LAYOUT_frontend_STORE1_4c6690f29cb80c2b881a7311e8632bc3e and handles 2columns-right: Please correct the XML data and try again.  [] []
[2016-06-30 07:24:07] main.CRITICAL: Broken reference: the 'bottomline' element cannot be added as child to 'product.info.main', because the latter doesn't exist [] []
[2016-06-30 07:24:07] main.CRITICAL: Broken reference: the 'yotpo_conversion' element cannot be added as child to 'order.success.additional.info', because the latter doesn't exist [] []
[2016-06-30 07:24:07] main.CRITICAL: Broken reference: the 'bottomline' tries to reorder itself towards 'product.info.addto', but their parents are different: 'product.info.main' and '' respectively. [] []
[2016-06-30 07:24:07] main.INFO: Cache file with merged layout: LAYOUT_frontend_STORE1_46f1b068ec7ccf4878f9284dd1137afd1 and handles catalog_product_prices: Please correct the XML data and try again.  [] []
[2016-06-30 07:24:52] main.INFO: Cache file with merged layout: LAYOUT_frontend_STORE1_4a69fc3348bccf3161d216e06e4a724cc and handles default, catalog_category_view, catalog_category_view_type_layered, catalog_category_view_id_3: Please correct the XML data and try again.  [] []
[2016-06-30 07:24:52] main.INFO: Cache file with merged layout: LAYOUT_frontend_STORE1_4a7ccd8094436548b564a588f6303121c and handles 2columns-left: Please correct the XML data and try again.  [] []
[2016-06-30 07:24:52] main.CRITICAL: Broken reference: the 'bottomline' element cannot be added as child to 'product.info.main', because the latter doesn't exist [] []
[2016-06-30 07:24:52] main.CRITICAL: Broken reference: the 'yotpo_conversion' element cannot be added as child to 'order.success.additional.info', because the latter doesn't exist [] []
[2016-06-30 07:24:52] main.CRITICAL: Broken reference: the 'bottomline' tries to reorder itself towards 'product.info.addto', but their parents are different: 'product.info.main' and '' respectively. [] []
[2016-06-30 07:24:52] main.INFO: Cache file with merged layout: LAYOUT_frontend_STORE1_46f1b068ec7ccf4878f9284dd1137afd1 and handles catalog_product_prices: Please correct the XML data and try again.  [] []
[2016-06-30 07:24:53] main.INFO: Cache file with merged layout: LAYOUT_frontend_STORE1_464f7cbd6294e40256ecc52fd4711dd60 and handles default, cms_noroute_index, cms_page_view, cms_noroute_index_id_no-route: Please correct the XML data and try again.  [] []
[2016-06-30 07:24:53] main.INFO: Cache file with merged layout: LAYOUT_frontend_STORE1_4c6690f29cb80c2b881a7311e8632bc3e and handles 2columns-right: Please correct the XML data and try again.  [] []
[2016-06-30 07:24:53] main.CRITICAL: Broken reference: the 'bottomline' element cannot be added as child to 'product.info.main', because the latter doesn't exist [] []
[2016-06-30 07:24:53] main.CRITICAL: Broken reference: the 'yotpo_conversion' element cannot be added as child to 'order.success.additional.info', because the latter doesn't exist [] []
[2016-06-30 07:24:53] main.CRITICAL: Broken reference: the 'bottomline' tries to reorder itself towards 'product.info.addto', but their parents are different: 'product.info.main' and '' respectively. [] []
[2016-06-30 07:24:53] main.INFO: Cache file with merged layout: LAYOUT_frontend_STORE1_46f1b068ec7ccf4878f9284dd1137afd1 and handles catalog_product_prices: Please correct the XML data and try again.  [] []
[2016-06-30 07:25:04] main.INFO: Cache file with merged layout: LAYOUT_frontend_STORE1_4a69fc3348bccf3161d216e06e4a724cc and handles default, catalog_category_view, catalog_category_view_type_layered, catalog_category_view_id_3: Please correct the XML data and try again.  [] []
[2016-06-30 07:25:04] main.INFO: Cache file with merged layout: LAYOUT_frontend_STORE1_4a7ccd8094436548b564a588f6303121c and handles 2columns-left: Please correct the XML data and try again.  [] []
[2016-06-30 07:25:04] main.CRITICAL: Broken reference: the 'bottomline' element cannot be added as child to 'product.info.main', because the latter doesn't exist [] []
[2016-06-30 07:25:04] main.CRITICAL: Broken reference: the 'yotpo_conversion' element cannot be added as child to 'order.success.additional.info', because the latter doesn't exist [] []
[2016-06-30 07:25:04] main.CRITICAL: Broken reference: the 'bottomline' tries to reorder itself towards 'product.info.addto', but their parents are different: 'product.info.main' and '' respectively. [] []
[2016-06-30 07:25:04] main.INFO: Cache file with merged layout: LAYOUT_frontend_STORE1_46f1b068ec7ccf4878f9284dd1137afd1 and handles catalog_product_prices: Please correct the XML data and try again.  [] []
[2016-06-30 07:28:30] main.INFO: Cache file with merged layout: LAYOUT_frontend_STORE1_4a69fc3348bccf3161d216e06e4a724cc and handles default, catalog_category_view, catalog_category_view_type_layered, catalog_category_view_id_3: Please correct the XML data and try again.  [] []
[2016-06-30 07:28:30] main.INFO: Cache file with merged layout: LAYOUT_frontend_STORE1_4a7ccd8094436548b564a588f6303121c and handles 2columns-left: Please correct the XML data and try again.  [] []
[2016-06-30 07:28:30] main.CRITICAL: Broken reference: the 'bottomline' element cannot be added as child to 'product.info.main', because the latter doesn't exist [] []
[2016-06-30 07:28:30] main.CRITICAL: Broken reference: the 'yotpo_conversion' element cannot be added as child to 'order.success.additional.info', because the latter doesn't exist [] []
[2016-06-30 07:28:30] main.CRITICAL: Broken reference: the 'bottomline' tries to reorder itself towards 'product.info.addto', but their parents are different: 'product.info.main' and '' respectively. [] []
[2016-06-30 07:28:30] main.INFO: Cache file with merged layout: LAYOUT_frontend_STORE1_46f1b068ec7ccf4878f9284dd1137afd1 and handles catalog_product_prices: Please correct the XML data and try again.  [] []
[2016-06-30 07:34:33] main.INFO: Cache file with merged layout: LAYOUT_frontend_STORE1_4a69fc3348bccf3161d216e06e4a724cc and handles default, catalog_category_view, catalog_category_view_type_layered, catalog_category_view_id_3: Please correct the XML data and try again.  [] []
[2016-06-30 07:34:33] main.INFO: Cache file with merged layout: LAYOUT_frontend_STORE1_4a7ccd8094436548b564a588f6303121c and handles 2columns-left: Please correct the XML data and try again.  [] []
[2016-06-30 07:34:33] main.CRITICAL: Broken reference: the 'bottomline' element cannot be added as child to 'product.info.main', because the latter doesn't exist [] []
[2016-06-30 07:34:33] main.CRITICAL: Broken reference: the 'yotpo_conversion' element cannot be added as child to 'order.success.additional.info', because the latter doesn't exist [] []
[2016-06-30 07:34:33] main.CRITICAL: Broken reference: the 'bottomline' tries to reorder itself towards 'product.info.addto', but their parents are different: 'product.info.main' and '' respectively. [] []
[2016-06-30 07:34:33] main.INFO: Cache file with merged layout: LAYOUT_frontend_STORE1_46f1b068ec7ccf4878f9284dd1137afd1 and handles catalog_product_prices: Please correct the XML data and try again.  [] []
[2016-06-30 07:34:34] main.INFO: Cache file with merged layout: LAYOUT_frontend_STORE1_464f7cbd6294e40256ecc52fd4711dd60 and handles default, cms_noroute_index, cms_page_view, cms_noroute_index_id_no-route: Please correct the XML data and try again.  [] []
[2016-06-30 07:34:34] main.INFO: Cache file with merged layout: LAYOUT_frontend_STORE1_4c6690f29cb80c2b881a7311e8632bc3e and handles 2columns-right: Please correct the XML data and try again.  [] []
[2016-06-30 07:34:34] main.CRITICAL: Broken reference: the 'bottomline' element cannot be added as child to 'product.info.main', because the latter doesn't exist [] []
[2016-06-30 07:34:34] main.CRITICAL: Broken reference: the 'yotpo_conversion' element cannot be added as child to 'order.success.additional.info', because the latter doesn't exist [] []
[2016-06-30 07:34:34] main.CRITICAL: Broken reference: the 'bottomline' tries to reorder itself towards 'product.info.addto', but their parents are different: 'product.info.main' and '' respectively. [] []
[2016-06-30 07:34:34] main.INFO: Cache file with merged layout: LAYOUT_frontend_STORE1_46f1b068ec7ccf4878f9284dd1137afd1 and handles catalog_product_prices: Please correct the XML data and try again.  [] []
[2016-06-30 07:34:50] main.INFO: Cache file with merged layout: LAYOUT_frontend_STORE1_4a69fc3348bccf3161d216e06e4a724cc and handles default, catalog_category_view, catalog_category_view_type_layered, catalog_category_view_id_3: Please correct the XML data and try again.  [] []
[2016-06-30 07:34:50] main.INFO: Cache file with merged layout: LAYOUT_frontend_STORE1_4a7ccd8094436548b564a588f6303121c and handles 2columns-left: Please correct the XML data and try again.  [] []
[2016-06-30 07:34:50] main.CRITICAL: Broken reference: the 'bottomline' element cannot be added as child to 'product.info.main', because the latter doesn't exist [] []
[2016-06-30 07:34:50] main.CRITICAL: Broken reference: the 'yotpo_conversion' element cannot be added as child to 'order.success.additional.info', because the latter doesn't exist [] []
[2016-06-30 07:34:50] main.CRITICAL: Broken reference: the 'bottomline' tries to reorder itself towards 'product.info.addto', but their parents are different: 'product.info.main' and '' respectively. [] []
[2016-06-30 07:34:50] main.INFO: Cache file with merged layout: LAYOUT_frontend_STORE1_46f1b068ec7ccf4878f9284dd1137afd1 and handles catalog_product_prices: Please correct the XML data and try again.  [] []
[2016-06-30 07:34:51] main.INFO: Cache file with merged layout: LAYOUT_frontend_STORE1_464f7cbd6294e40256ecc52fd4711dd60 and handles default, cms_noroute_index, cms_page_view, cms_noroute_index_id_no-route: Please correct the XML data and try again.  [] []
[2016-06-30 07:34:51] main.INFO: Cache file with merged layout: LAYOUT_frontend_STORE1_4c6690f29cb80c2b881a7311e8632bc3e and handles 2columns-right: Please correct the XML data and try again.  [] []
[2016-06-30 07:34:51] main.CRITICAL: Broken reference: the 'bottomline' element cannot be added as child to 'product.info.main', because the latter doesn't exist [] []
[2016-06-30 07:34:51] main.CRITICAL: Broken reference: the 'yotpo_conversion' element cannot be added as child to 'order.success.additional.info', because the latter doesn't exist [] []
[2016-06-30 07:34:51] main.CRITICAL: Broken reference: the 'bottomline' tries to reorder itself towards 'product.info.addto', but their parents are different: 'product.info.main' and '' respectively. [] []
[2016-06-30 07:34:51] main.INFO: Cache file with merged layout: LAYOUT_frontend_STORE1_46f1b068ec7ccf4878f9284dd1137afd1 and handles catalog_product_prices: Please correct the XML data and try again.  [] []
[2016-06-30 07:36:13] main.INFO: Cache file with merged layout: LAYOUT_frontend_STORE1_4a69fc3348bccf3161d216e06e4a724cc and handles default, catalog_category_view, catalog_category_view_type_layered, catalog_category_view_id_3: Please correct the XML data and try again.  [] []
[2016-06-30 07:36:13] main.INFO: Cache file with merged layout: LAYOUT_frontend_STORE1_4a7ccd8094436548b564a588f6303121c and handles 2columns-left: Please correct the XML data and try again.  [] []
[2016-06-30 07:36:13] main.CRITICAL: Broken reference: the 'bottomline' element cannot be added as child to 'product.info.main', because the latter doesn't exist [] []
[2016-06-30 07:36:13] main.CRITICAL: Broken reference: the 'yotpo_conversion' element cannot be added as child to 'order.success.additional.info', because the latter doesn't exist [] []
[2016-06-30 07:36:13] main.CRITICAL: Broken reference: the 'bottomline' tries to reorder itself towards 'product.info.addto', but their parents are different: 'product.info.main' and '' respectively. [] []
[2016-06-30 07:36:13] main.INFO: Cache file with merged layout: LAYOUT_frontend_STORE1_46f1b068ec7ccf4878f9284dd1137afd1 and handles catalog_product_prices: Please correct the XML data and try again.  [] []
[2016-06-30 07:40:03] main.INFO: Cache file with merged layout: LAYOUT_frontend_STORE1_4a69fc3348bccf3161d216e06e4a724cc and handles default, catalog_category_view, catalog_category_view_type_layered, catalog_category_view_id_3: Please correct the XML data and try again.  [] []
[2016-06-30 07:40:03] main.INFO: Cache file with merged layout: LAYOUT_frontend_STORE1_4a7ccd8094436548b564a588f6303121c and handles 2columns-left: Please correct the XML data and try again.  [] []
[2016-06-30 07:40:03] main.CRITICAL: Broken reference: the 'bottomline' element cannot be added as child to 'product.info.main', because the latter doesn't exist [] []
[2016-06-30 07:40:03] main.CRITICAL: Broken reference: the 'yotpo_conversion' element cannot be added as child to 'order.success.additional.info', because the latter doesn't exist [] []
[2016-06-30 07:40:03] main.CRITICAL: Broken reference: the 'bottomline' tries to reorder itself towards 'product.info.addto', but their parents are different: 'product.info.main' and '' respectively. [] []
[2016-06-30 07:40:03] main.INFO: Cache file with merged layout: LAYOUT_frontend_STORE1_46f1b068ec7ccf4878f9284dd1137afd1 and handles catalog_product_prices: Please correct the XML data and try again.  [] []
[2016-06-30 07:42:23] main.INFO: Cache file with merged layout: LAYOUT_frontend_STORE1_4a69fc3348bccf3161d216e06e4a724cc and handles default, catalog_category_view, catalog_category_view_type_layered, catalog_category_view_id_3: Please correct the XML data and try again.  [] []
[2016-06-30 07:42:23] main.INFO: Cache file with merged layout: LAYOUT_frontend_STORE1_4a7ccd8094436548b564a588f6303121c and handles 2columns-left: Please correct the XML data and try again.  [] []
[2016-06-30 07:42:23] main.CRITICAL: Broken reference: the 'bottomline' element cannot be added as child to 'product.info.main', because the latter doesn't exist [] []
[2016-06-30 07:42:23] main.CRITICAL: Broken reference: the 'yotpo_conversion' element cannot be added as child to 'order.success.additional.info', because the latter doesn't exist [] []
[2016-06-30 07:42:23] main.CRITICAL: Broken reference: the 'bottomline' tries to reorder itself towards 'product.info.addto', but their parents are different: 'product.info.main' and '' respectively. [] []
[2016-06-30 07:42:23] main.INFO: Cache file with merged layout: LAYOUT_frontend_STORE1_46f1b068ec7ccf4878f9284dd1137afd1 and handles catalog_product_prices: Please correct the XML data and try again.  [] []
[2016-06-30 07:45:35] main.INFO: Cache file with merged layout: LAYOUT_frontend_STORE1_4a69fc3348bccf3161d216e06e4a724cc and handles default, catalog_category_view, catalog_category_view_type_layered, catalog_category_view_id_3: Please correct the XML data and try again.  [] []
[2016-06-30 07:45:35] main.INFO: Cache file with merged layout: LAYOUT_frontend_STORE1_4a7ccd8094436548b564a588f6303121c and handles 2columns-left: Please correct the XML data and try again.  [] []
[2016-06-30 07:45:35] main.CRITICAL: Broken reference: the 'bottomline' element cannot be added as child to 'product.info.main', because the latter doesn't exist [] []
[2016-06-30 07:45:35] main.CRITICAL: Broken reference: the 'yotpo_conversion' element cannot be added as child to 'order.success.additional.info', because the latter doesn't exist [] []
[2016-06-30 07:45:35] main.CRITICAL: Broken reference: the 'bottomline' tries to reorder itself towards 'product.info.addto', but their parents are different: 'product.info.main' and '' respectively. [] []
[2016-06-30 07:45:35] main.INFO: Cache file with merged layout: LAYOUT_frontend_STORE1_46f1b068ec7ccf4878f9284dd1137afd1 and handles catalog_product_prices: Please correct the XML data and try again.  [] []
[2016-06-30 07:45:57] main.INFO: Cache file with merged layout: LAYOUT_frontend_STORE1_4a69fc3348bccf3161d216e06e4a724cc and handles default, catalog_category_view, catalog_category_view_type_layered, catalog_category_view_id_3: Please correct the XML data and try again.  [] []
[2016-06-30 07:45:57] main.INFO: Cache file with merged layout: LAYOUT_frontend_STORE1_4a7ccd8094436548b564a588f6303121c and handles 2columns-left: Please correct the XML data and try again.  [] []
[2016-06-30 07:45:57] main.CRITICAL: Broken reference: the 'bottomline' element cannot be added as child to 'product.info.main', because the latter doesn't exist [] []
[2016-06-30 07:45:57] main.CRITICAL: Broken reference: the 'yotpo_conversion' element cannot be added as child to 'order.success.additional.info', because the latter doesn't exist [] []
[2016-06-30 07:45:57] main.CRITICAL: Broken reference: the 'bottomline' tries to reorder itself towards 'product.info.addto', but their parents are different: 'product.info.main' and '' respectively. [] []
[2016-06-30 07:45:57] main.INFO: Cache file with merged layout: LAYOUT_frontend_STORE1_46f1b068ec7ccf4878f9284dd1137afd1 and handles catalog_product_prices: Please correct the XML data and try again.  [] []
[2016-06-30 07:46:31] main.INFO: Cache file with merged layout: LAYOUT_frontend_STORE1_4a69fc3348bccf3161d216e06e4a724cc and handles default, catalog_category_view, catalog_category_view_type_layered, catalog_category_view_id_3: Please correct the XML data and try again.  [] []
[2016-06-30 07:46:31] main.INFO: Cache file with merged layout: LAYOUT_frontend_STORE1_4a7ccd8094436548b564a588f6303121c and handles 2columns-left: Please correct the XML data and try again.  [] []
[2016-06-30 07:46:31] main.CRITICAL: Broken reference: the 'bottomline' element cannot be added as child to 'product.info.main', because the latter doesn't exist [] []
[2016-06-30 07:46:31] main.CRITICAL: Broken reference: the 'yotpo_conversion' element cannot be added as child to 'order.success.additional.info', because the latter doesn't exist [] []
[2016-06-30 07:46:31] main.CRITICAL: Broken reference: the 'bottomline' tries to reorder itself towards 'product.info.addto', but their parents are different: 'product.info.main' and '' respectively. [] []
[2016-06-30 07:46:31] main.INFO: Cache file with merged layout: LAYOUT_frontend_STORE1_46f1b068ec7ccf4878f9284dd1137afd1 and handles catalog_product_prices: Please correct the XML data and try again.  [] []
[2016-06-30 07:54:45] main.INFO: Cache file with merged layout: LAYOUT_frontend_STORE1_4a69fc3348bccf3161d216e06e4a724cc and handles default, catalog_category_view, catalog_category_view_type_layered, catalog_category_view_id_3: Please correct the XML data and try again.  [] []
[2016-06-30 07:54:45] main.INFO: Cache file with merged layout: LAYOUT_frontend_STORE1_4a7ccd8094436548b564a588f6303121c and handles 2columns-left: Please correct the XML data and try again.  [] []
[2016-06-30 07:54:45] main.CRITICAL: Broken reference: the 'bottomline' element cannot be added as child to 'product.info.main', because the latter doesn't exist [] []
[2016-06-30 07:54:45] main.CRITICAL: Broken reference: the 'yotpo_conversion' element cannot be added as child to 'order.success.additional.info', because the latter doesn't exist [] []
[2016-06-30 07:54:45] main.CRITICAL: Broken reference: the 'bottomline' tries to reorder itself towards 'product.info.addto', but their parents are different: 'product.info.main' and '' respectively. [] []
[2016-06-30 07:54:45] main.INFO: Cache file with merged layout: LAYOUT_frontend_STORE1_46f1b068ec7ccf4878f9284dd1137afd1 and handles catalog_product_prices: Please correct the XML data and try again.  [] []
[2016-06-30 07:56:35] main.INFO: Cache file with merged layout: LAYOUT_frontend_STORE1_4a69fc3348bccf3161d216e06e4a724cc and handles default, catalog_category_view, catalog_category_view_type_layered, catalog_category_view_id_3: Please correct the XML data and try again.  [] []
[2016-06-30 07:56:35] main.INFO: Cache file with merged layout: LAYOUT_frontend_STORE1_4a7ccd8094436548b564a588f6303121c and handles 2columns-left: Please correct the XML data and try again.  [] []
[2016-06-30 07:56:35] main.CRITICAL: Broken reference: the 'bottomline' element cannot be added as child to 'product.info.main', because the latter doesn't exist [] []
[2016-06-30 07:56:35] main.CRITICAL: Broken reference: the 'yotpo_conversion' element cannot be added as child to 'order.success.additional.info', because the latter doesn't exist [] []
[2016-06-30 07:56:35] main.CRITICAL: Broken reference: the 'bottomline' tries to reorder itself towards 'product.info.addto', but their parents are different: 'product.info.main' and '' respectively. [] []
[2016-06-30 07:56:35] main.INFO: Cache file with merged layout: LAYOUT_frontend_STORE1_46f1b068ec7ccf4878f9284dd1137afd1 and handles catalog_product_prices: Please correct the XML data and try again.  [] []
[2016-06-30 08:01:22] main.INFO: Cache file with merged layout: LAYOUT_frontend_STORE1_4a69fc3348bccf3161d216e06e4a724cc and handles default, catalog_category_view, catalog_category_view_type_layered, catalog_category_view_id_3: Please correct the XML data and try again.  [] []
[2016-06-30 08:01:22] main.INFO: Cache file with merged layout: LAYOUT_frontend_STORE1_4a7ccd8094436548b564a588f6303121c and handles 2columns-left: Please correct the XML data and try again.  [] []
[2016-06-30 08:01:22] main.CRITICAL: Broken reference: the 'bottomline' element cannot be added as child to 'product.info.main', because the latter doesn't exist [] []
[2016-06-30 08:01:22] main.CRITICAL: Broken reference: the 'yotpo_conversion' element cannot be added as child to 'order.success.additional.info', because the latter doesn't exist [] []
[2016-06-30 08:01:22] main.CRITICAL: Broken reference: the 'bottomline' tries to reorder itself towards 'product.info.addto', but their parents are different: 'product.info.main' and '' respectively. [] []
[2016-06-30 08:01:22] main.INFO: Cache file with merged layout: LAYOUT_frontend_STORE1_46f1b068ec7ccf4878f9284dd1137afd1 and handles catalog_product_prices: Please correct the XML data and try again.  [] []
[2016-06-30 08:01:24] main.INFO: Cache file with merged layout: LAYOUT_frontend_STORE1_464f7cbd6294e40256ecc52fd4711dd60 and handles default, cms_noroute_index, cms_page_view, cms_noroute_index_id_no-route: Please correct the XML data and try again.  [] []
[2016-06-30 08:01:24] main.INFO: Cache file with merged layout: LAYOUT_frontend_STORE1_4c6690f29cb80c2b881a7311e8632bc3e and handles 2columns-right: Please correct the XML data and try again.  [] []
[2016-06-30 08:01:24] main.CRITICAL: Broken reference: the 'bottomline' element cannot be added as child to 'product.info.main', because the latter doesn't exist [] []
[2016-06-30 08:01:24] main.CRITICAL: Broken reference: the 'yotpo_conversion' element cannot be added as child to 'order.success.additional.info', because the latter doesn't exist [] []
[2016-06-30 08:01:24] main.CRITICAL: Broken reference: the 'bottomline' tries to reorder itself towards 'product.info.addto', but their parents are different: 'product.info.main' and '' respectively. [] []
[2016-06-30 08:01:24] main.INFO: Cache file with merged layout: LAYOUT_frontend_STORE1_46f1b068ec7ccf4878f9284dd1137afd1 and handles catalog_product_prices: Please correct the XML data and try again.  [] []
[2016-06-30 08:01:51] main.INFO: Cache file with merged layout: LAYOUT_frontend_STORE1_4a69fc3348bccf3161d216e06e4a724cc and handles default, catalog_category_view, catalog_category_view_type_layered, catalog_category_view_id_3: Please correct the XML data and try again.  [] []
[2016-06-30 08:01:51] main.INFO: Cache file with merged layout: LAYOUT_frontend_STORE1_4a7ccd8094436548b564a588f6303121c and handles 2columns-left: Please correct the XML data and try again.  [] []
[2016-06-30 08:01:51] main.CRITICAL: Broken reference: the 'bottomline' element cannot be added as child to 'product.info.main', because the latter doesn't exist [] []
[2016-06-30 08:01:51] main.CRITICAL: Broken reference: the 'yotpo_conversion' element cannot be added as child to 'order.success.additional.info', because the latter doesn't exist [] []
[2016-06-30 08:01:51] main.CRITICAL: Broken reference: the 'bottomline' tries to reorder itself towards 'product.info.addto', but their parents are different: 'product.info.main' and '' respectively. [] []
[2016-06-30 08:01:51] main.INFO: Cache file with merged layout: LAYOUT_frontend_STORE1_46f1b068ec7ccf4878f9284dd1137afd1 and handles catalog_product_prices: Please correct the XML data and try again.  [] []
[2016-06-30 08:01:52] main.INFO: Cache file with merged layout: LAYOUT_frontend_STORE1_464f7cbd6294e40256ecc52fd4711dd60 and handles default, cms_noroute_index, cms_page_view, cms_noroute_index_id_no-route: Please correct the XML data and try again.  [] []
[2016-06-30 08:01:52] main.INFO: Cache file with merged layout: LAYOUT_frontend_STORE1_4c6690f29cb80c2b881a7311e8632bc3e and handles 2columns-right: Please correct the XML data and try again.  [] []
[2016-06-30 08:01:52] main.CRITICAL: Broken reference: the 'bottomline' element cannot be added as child to 'product.info.main', because the latter doesn't exist [] []
[2016-06-30 08:01:52] main.CRITICAL: Broken reference: the 'yotpo_conversion' element cannot be added as child to 'order.success.additional.info', because the latter doesn't exist [] []
[2016-06-30 08:01:52] main.CRITICAL: Broken reference: the 'bottomline' tries to reorder itself towards 'product.info.addto', but their parents are different: 'product.info.main' and '' respectively. [] []
[2016-06-30 08:01:52] main.INFO: Cache file with merged layout: LAYOUT_frontend_STORE1_46f1b068ec7ccf4878f9284dd1137afd1 and handles catalog_product_prices: Please correct the XML data and try again.  [] []
[2016-06-30 08:03:38] main.INFO: Cache file with merged layout: LAYOUT_frontend_STORE1_4a69fc3348bccf3161d216e06e4a724cc and handles default, catalog_category_view, catalog_category_view_type_layered, catalog_category_view_id_3: Please correct the XML data and try again.  [] []
[2016-06-30 08:03:38] main.INFO: Cache file with merged layout: LAYOUT_frontend_STORE1_4a7ccd8094436548b564a588f6303121c and handles 2columns-left: Please correct the XML data and try again.  [] []
[2016-06-30 08:03:38] main.CRITICAL: Broken reference: the 'bottomline' element cannot be added as child to 'product.info.main', because the latter doesn't exist [] []
[2016-06-30 08:03:38] main.CRITICAL: Broken reference: the 'yotpo_conversion' element cannot be added as child to 'order.success.additional.info', because the latter doesn't exist [] []
[2016-06-30 08:03:38] main.CRITICAL: Broken reference: the 'bottomline' tries to reorder itself towards 'product.info.addto', but their parents are different: 'product.info.main' and '' respectively. [] []
[2016-06-30 08:03:38] main.INFO: Cache file with merged layout: LAYOUT_frontend_STORE1_46f1b068ec7ccf4878f9284dd1137afd1 and handles catalog_product_prices: Please correct the XML data and try again.  [] []
[2016-06-30 08:03:54] main.INFO: Cache file with merged layout: LAYOUT_frontend_STORE1_4a69fc3348bccf3161d216e06e4a724cc and handles default, catalog_category_view, catalog_category_view_type_layered, catalog_category_view_id_3: Please correct the XML data and try again.  [] []
[2016-06-30 08:03:54] main.INFO: Cache file with merged layout: LAYOUT_frontend_STORE1_4a7ccd8094436548b564a588f6303121c and handles 2columns-left: Please correct the XML data and try again.  [] []
[2016-06-30 08:03:54] main.CRITICAL: Broken reference: the 'bottomline' element cannot be added as child to 'product.info.main', because the latter doesn't exist [] []
[2016-06-30 08:03:54] main.CRITICAL: Broken reference: the 'yotpo_conversion' element cannot be added as child to 'order.success.additional.info', because the latter doesn't exist [] []
[2016-06-30 08:03:54] main.CRITICAL: Broken reference: the 'bottomline' tries to reorder itself towards 'product.info.addto', but their parents are different: 'product.info.main' and '' respectively. [] []
[2016-06-30 08:03:54] main.INFO: Cache file with merged layout: LAYOUT_frontend_STORE1_46f1b068ec7ccf4878f9284dd1137afd1 and handles catalog_product_prices: Please correct the XML data and try again.  [] []
[2016-06-30 08:04:18] main.INFO: Cache file with merged layout: LAYOUT_frontend_STORE1_4a69fc3348bccf3161d216e06e4a724cc and handles default, catalog_category_view, catalog_category_view_type_layered, catalog_category_view_id_3: Please correct the XML data and try again.  [] []
[2016-06-30 08:04:18] main.INFO: Cache file with merged layout: LAYOUT_frontend_STORE1_4a7ccd8094436548b564a588f6303121c and handles 2columns-left: Please correct the XML data and try again.  [] []
[2016-06-30 08:04:18] main.CRITICAL: Broken reference: the 'bottomline' element cannot be added as child to 'product.info.main', because the latter doesn't exist [] []
[2016-06-30 08:04:18] main.CRITICAL: Broken reference: the 'yotpo_conversion' element cannot be added as child to 'order.success.additional.info', because the latter doesn't exist [] []
[2016-06-30 08:04:18] main.CRITICAL: Broken reference: the 'bottomline' tries to reorder itself towards 'product.info.addto', but their parents are different: 'product.info.main' and '' respectively. [] []
[2016-06-30 08:04:18] main.INFO: Cache file with merged layout: LAYOUT_frontend_STORE1_46f1b068ec7ccf4878f9284dd1137afd1 and handles catalog_product_prices: Please correct the XML data and try again.  [] []
[2016-06-30 08:07:32] main.INFO: Cache file with merged layout: LAYOUT_frontend_STORE1_4a69fc3348bccf3161d216e06e4a724cc and handles default, catalog_category_view, catalog_category_view_type_layered, catalog_category_view_id_3: Please correct the XML data and try again.  [] []
[2016-06-30 08:07:32] main.INFO: Cache file with merged layout: LAYOUT_frontend_STORE1_4a7ccd8094436548b564a588f6303121c and handles 2columns-left: Please correct the XML data and try again.  [] []
[2016-06-30 08:07:32] main.CRITICAL: Broken reference: the 'bottomline' element cannot be added as child to 'product.info.main', because the latter doesn't exist [] []
[2016-06-30 08:07:32] main.CRITICAL: Broken reference: the 'yotpo_conversion' element cannot be added as child to 'order.success.additional.info', because the latter doesn't exist [] []
[2016-06-30 08:07:32] main.CRITICAL: Broken reference: the 'bottomline' tries to reorder itself towards 'product.info.addto', but their parents are different: 'product.info.main' and '' respectively. [] []
[2016-06-30 08:07:32] main.INFO: Cache file with merged layout: LAYOUT_frontend_STORE1_46f1b068ec7ccf4878f9284dd1137afd1 and handles catalog_product_prices: Please correct the XML data and try again.  [] []
[2016-06-30 08:07:36] main.INFO: Cache file with merged layout: LAYOUT_frontend_STORE1_4a69fc3348bccf3161d216e06e4a724cc and handles default, catalog_category_view, catalog_category_view_type_layered, catalog_category_view_id_3: Please correct the XML data and try again.  [] []
[2016-06-30 08:07:36] main.INFO: Cache file with merged layout: LAYOUT_frontend_STORE1_4a7ccd8094436548b564a588f6303121c and handles 2columns-left: Please correct the XML data and try again.  [] []
[2016-06-30 08:07:36] main.CRITICAL: Broken reference: the 'bottomline' element cannot be added as child to 'product.info.main', because the latter doesn't exist [] []
[2016-06-30 08:07:36] main.CRITICAL: Broken reference: the 'yotpo_conversion' element cannot be added as child to 'order.success.additional.info', because the latter doesn't exist [] []
[2016-06-30 08:07:36] main.CRITICAL: Broken reference: the 'bottomline' tries to reorder itself towards 'product.info.addto', but their parents are different: 'product.info.main' and '' respectively. [] []
[2016-06-30 08:07:36] main.INFO: Cache file with merged layout: LAYOUT_frontend_STORE1_46f1b068ec7ccf4878f9284dd1137afd1 and handles catalog_product_prices: Please correct the XML data and try again.  [] []
[2016-06-30 08:07:47] main.INFO: Cache file with merged layout: LAYOUT_frontend_STORE1_459750709da19976c94bba593c0a67832 and handles default, catalog_category_view, catalog_category_view_type_layered, catalog_category_view_type_layered_without_children, catalog_category_view_id_9: Please correct the XML data and try again.  [] []
[2016-06-30 08:07:47] main.INFO: Cache file with merged layout: LAYOUT_frontend_STORE1_4a7ccd8094436548b564a588f6303121c and handles 2columns-left: Please correct the XML data and try again.  [] []
[2016-06-30 08:07:47] main.CRITICAL: Broken reference: the 'bottomline' element cannot be added as child to 'product.info.main', because the latter doesn't exist [] []
[2016-06-30 08:07:47] main.CRITICAL: Broken reference: the 'yotpo_conversion' element cannot be added as child to 'order.success.additional.info', because the latter doesn't exist [] []
[2016-06-30 08:07:47] main.CRITICAL: Broken reference: the 'bottomline' tries to reorder itself towards 'product.info.addto', but their parents are different: 'product.info.main' and '' respectively. [] []
[2016-06-30 08:07:47] main.INFO: Cache file with merged layout: LAYOUT_frontend_STORE1_46f1b068ec7ccf4878f9284dd1137afd1 and handles catalog_product_prices: Please correct the XML data and try again.  [] []
